[2025-11-22 16:42:02] Iniciando crearMenu
[2025-11-22 16:42:02] datos recibidos menombre='celulares', tipo='raiz', idpadre=''
[2025-11-22 16:42:02] fileName='celulares.php'
[2025-11-22 16:42:02] Guardando en BD...
[2025-11-22 16:42:02] Resultado alta(): false
[2025-11-22 16:42:02] ERROR: No se guardó en BD
[2025-11-22 16:44:45] Iniciando crearMenu
[2025-11-22 16:44:45] datos recibidos menombre='celulares', tipo='raiz', idpadre=''
[2025-11-22 16:44:45] fileName='celulares.php'
[2025-11-22 16:44:45] Guardando en BD...
[2025-11-22 16:44:45] Resultado alta(): false
[2025-11-22 16:44:45] ERROR: No se guardó en BD
[2025-11-22 16:47:37] Iniciando crearMenu
[2025-11-22 16:47:37] datos recibidos menombre='celulares', tipo='raiz', idpadre=''
[2025-11-22 16:47:37] fileName='celulares.php'
[2025-11-22 16:47:37] Guardando en BD...
[2025-11-22 16:47:37] Resultado alta(): false
[2025-11-22 16:47:37] ERROR: No se guardó en BD
[2025-11-22 16:49:02] Iniciando crearMenu
[2025-11-22 16:49:02] datos recibidos menombre='celulares', tipo='raiz', idpadre=''
[2025-11-22 16:49:02] fileName='celulares.php'
[2025-11-22 16:49:02] Guardando en BD...
[2025-11-22 16:49:02] Resultado alta(): false
[2025-11-22 16:49:02] ERROR: No se guardó en BD
[2025-11-22 16:50:12] Iniciando crearMenu
[2025-11-22 16:50:12] datos recibidos menombre='celulares', tipo='raiz', idpadre=''
[2025-11-22 16:50:12] fileName='celulares.php'
[2025-11-22 16:50:12] Guardando en BD...
[2025-11-22 16:50:12] Resultado alta(): false
[2025-11-22 16:50:12] ERROR: No se guardó en BD
[2025-11-22 16:52:22] Iniciando crearMenu
[2025-11-22 16:52:22] datos recibidos menombre='celulares', tipo='raiz', idpadre=''
[2025-11-22 16:52:22] fileName='celulares.php'
[2025-11-22 16:52:22] Guardando en BD...
[2025-11-22 16:52:22] Resultado alta(): true
[2025-11-22 16:52:22] filePath='C:\xampp\htdocs\PWD_TPFinal\Vista/secciones/celulares.php'
[2025-11-22 16:52:22] Resultado file_put_contents: 489
[2025-11-22 16:52:22] Crear menú finalizado OK

[2025-11-22 16:52:49] Iniciando crearMenu
[2025-11-22 16:52:49] datos recibidos menombre='celulares', tipo='raiz', idpadre=''
[2025-11-22 16:52:49] fileName='celulares.php'
[2025-11-22 16:52:49] Guardando en BD...
[2025-11-22 16:52:49] Resultado alta(): true
[2025-11-22 16:52:49] filePath='C:\xampp\htdocs\PWD_TPFinal\Vista/secciones/celulares.php'
[2025-11-22 16:52:49] Aviso: el archivo ya existía y no se sobrescribió.
[2025-11-22 16:52:49] Crear menú finalizado OK

[2025-11-22 16:53:57] Iniciando crearMenu
[2025-11-22 16:53:57] datos recibidos menombre='celulares', tipo='raiz', idpadre=''
[2025-11-22 16:53:57] fileName='celulares.php'
[2025-11-22 16:53:57] Guardando en BD...
[2025-11-22 16:53:57] Resultado alta(): true
[2025-11-22 16:53:57] filePath='C:\xampp\htdocs\PWD_TPFinal\Vista/secciones/celulares.php'
[2025-11-22 16:53:57] Resultado file_put_contents: 489
[2025-11-22 16:53:57] Crear menú finalizado OK

[2025-11-22 16:55:11] Iniciando crearMenu
[2025-11-22 16:55:11] datos recibidos menombre='celulares', tipo='raiz', idpadre=''
[2025-11-22 16:55:11] fileName='celulares.php'
[2025-11-22 16:55:11] Guardando en BD...
[2025-11-22 16:55:11] Resultado alta(): true
[2025-11-22 16:55:11] filePath='C:\xampp\htdocs\PWD_TPFinal\Vista/secciones/celulares.php'
[2025-11-22 16:55:11] Resultado file_put_contents: 489
[2025-11-22 16:55:11] Crear menú finalizado OK

[2025-11-22 16:55:44] Iniciando crearMenu
[2025-11-22 16:55:44] datos recibidos menombre='Apple', tipo='sub', idpadre='120'
[2025-11-22 16:55:44] fileName='apple.php'
[2025-11-22 16:55:44] Guardando en BD...
[2025-11-22 16:55:44] Resultado alta(): true
[2025-11-22 16:55:44] filePath='C:\xampp\htdocs\PWD_TPFinal\Vista/secciones/apple.php'
[2025-11-22 16:55:44] Resultado file_put_contents: 481
[2025-11-22 16:55:44] Crear menú finalizado OK

[2025-11-22 17:06:41] Iniciando crearMenu
[2025-11-22 17:17:47] Iniciando crearMenu
[2025-11-22 17:17:47] Datos recibidos menombre='celulares', tipo='raiz', idpadre=''
[2025-11-22 17:17:47] Archivo creado: 3087
[2025-11-22 17:17:47] Crear menú finalizado OK

[2025-11-22 17:30:37] Iniciando accionCrearMenu
[2025-11-22 17:30:37] Datos recibidos menombre='celulares', tipo='raiz', idpadre=''
[2025-11-22 17:30:37] filePath='C:\xampp\htdocs\PWD_TPFinal\Vista/secciones/celulares.php'
[2025-11-22 17:30:37] Resultado alta(): true
[2025-11-22 17:30:37] Archivo PHP generado OK
