=== LOG DE BUSQUEDA DE IMAGENES ===


----- Producto: iphone 12 -----
Nombre base generado: iphone_12
Buscando en: C:\xampp\htdocs\PWD_TPFinal/imagenes/
Probando: C:\xampp\htdocs\PWD_TPFinal/imagenes/iphone_12.jpg ... no existe
Probando: C:\xampp\htdocs\PWD_TPFinal/imagenes/iphone_12.jpeg ... no existe
Probando: C:\xampp\htdocs\PWD_TPFinal/imagenes/iphone_12.png ... no existe
Probando: C:\xampp\htdocs\PWD_TPFinal/imagenes/iphone_12.webp ... no existe
>> Imagen NO encontrada, usando no-image.jpeg

----- Producto: ipad air -----
Nombre base generado: ipad_air
Buscando en: C:\xampp\htdocs\PWD_TPFinal/imagenes/
Probando: C:\xampp\htdocs\PWD_TPFinal/imagenes/ipad_air.jpg ... no existe
Probando: C:\xampp\htdocs\PWD_TPFinal/imagenes/ipad_air.jpeg ... no existe
Probando: C:\xampp\htdocs\PWD_TPFinal/imagenes/ipad_air.png ... no existe
Probando: C:\xampp\htdocs\PWD_TPFinal/imagenes/ipad_air.webp ... no existe
>> Imagen NO encontrada, usando no-image.jpeg

----- Producto: iphone 12 -----
Nombre base generado: iphone_12
Buscando en: C:\xampp\htdocs\PWD_TPFinal/imagenes/
Probando: C:\xampp\htdocs\PWD_TPFinal/imagenes/iphone_12.jpg ... no existe
Probando: C:\xampp\htdocs\PWD_TPFinal/imagenes/iphone_12.jpeg ... no existe
Probando: C:\xampp\htdocs\PWD_TPFinal/imagenes/iphone_12.png ... no existe
Probando: C:\xampp\htdocs\PWD_TPFinal/imagenes/iphone_12.webp ... no existe
>> Imagen NO encontrada, usando no-image.jpeg

----- Producto: ipad air -----
Nombre base generado: ipad_air
Buscando en: C:\xampp\htdocs\PWD_TPFinal/imagenes/
Probando: C:\xampp\htdocs\PWD_TPFinal/imagenes/ipad_air.jpg ... no existe
Probando: C:\xampp\htdocs\PWD_TPFinal/imagenes/ipad_air.jpeg ... no existe
Probando: C:\xampp\htdocs\PWD_TPFinal/imagenes/ipad_air.png ... no existe
Probando: C:\xampp\htdocs\PWD_TPFinal/imagenes/ipad_air.webp ... no existe
>> Imagen NO encontrada, usando no-image.jpeg

----- Producto: iphone 12 -----
Nombre base generado: iphone_12
Buscando en: C:\xampp\htdocs\PWD_TPFinal/imagenes/
Probando: C:\xampp\htdocs\PWD_TPFinal/imagenes/iphone_12.jpg ... no existe
Probando: C:\xampp\htdocs\PWD_TPFinal/imagenes/iphone_12.jpeg ... no existe
Probando: C:\xampp\htdocs\PWD_TPFinal/imagenes/iphone_12.png ... no existe
Probando: C:\xampp\htdocs\PWD_TPFinal/imagenes/iphone_12.webp ... no existe
>> Imagen NO encontrada, usando no-image.jpeg

----- Producto: ipad air -----
Nombre base generado: ipad_air
Buscando en: C:\xampp\htdocs\PWD_TPFinal/imagenes/
Probando: C:\xampp\htdocs\PWD_TPFinal/imagenes/ipad_air.jpg ... no existe
Probando: C:\xampp\htdocs\PWD_TPFinal/imagenes/ipad_air.jpeg ... no existe
Probando: C:\xampp\htdocs\PWD_TPFinal/imagenes/ipad_air.png ... no existe
Probando: C:\xampp\htdocs\PWD_TPFinal/imagenes/ipad_air.webp ... no existe
>> Imagen NO encontrada, usando no-image.jpeg

----- Producto: iphone 12 -----
Nombre base generado: iphone_12
Buscando en dir: C:\xampp\htdocs\PWD_TPFinal\Vista\imagenes\
Base URL candidata: /PWD_TPFinal/Vista/imagenes/
Probando: C:\xampp\htdocs\PWD_TPFinal\Vista\imagenes\iphone_12.jpg ... ENCONTRADO

----- Producto: ipad air -----
Nombre base generado: ipad_air
Buscando en dir: C:\xampp\htdocs\PWD_TPFinal\Vista\imagenes\
Base URL candidata: /PWD_TPFinal/Vista/imagenes/
Probando: C:\xampp\htdocs\PWD_TPFinal\Vista\imagenes\ipad_air.jpg ... no existe
Probando: C:\xampp\htdocs\PWD_TPFinal\Vista\imagenes\ipad_air.jpeg ... no existe
Probando: C:\xampp\htdocs\PWD_TPFinal\Vista\imagenes\ipad_air.png ... ENCONTRADO

----- Producto: iphone 12 -----
Nombre base generado: iphone_12
Buscando en dir: C:\xampp\htdocs\PWD_TPFinal\Vista\imagenes\
Base URL candidata: /PWD_TPFinal/Vista/imagenes/
Probando: C:\xampp\htdocs\PWD_TPFinal\Vista\imagenes\iphone_12.jpg ... ENCONTRADO

----- Producto: ipad air -----
Nombre base generado: ipad_air
Buscando en dir: C:\xampp\htdocs\PWD_TPFinal\Vista\imagenes\
Base URL candidata: /PWD_TPFinal/Vista/imagenes/
Probando: C:\xampp\htdocs\PWD_TPFinal\Vista\imagenes\ipad_air.jpg ... no existe
Probando: C:\xampp\htdocs\PWD_TPFinal\Vista\imagenes\ipad_air.jpeg ... no existe
Probando: C:\xampp\htdocs\PWD_TPFinal\Vista\imagenes\ipad_air.png ... ENCONTRADO

----- Producto: iphone 12 -----
Nombre base generado: iphone_12
Buscando en dir: C:\xampp\htdocs\PWD_TPFinal\Vista\imagenes\
Base URL candidata: /PWD_TPFinal/Vista/imagenes/
Probando: C:\xampp\htdocs\PWD_TPFinal\Vista\imagenes\iphone_12.jpg ... ENCONTRADO

----- Producto: ipad air -----
Nombre base generado: ipad_air
Buscando en dir: C:\xampp\htdocs\PWD_TPFinal\Vista\imagenes\
Base URL candidata: /PWD_TPFinal/Vista/imagenes/
Probando: C:\xampp\htdocs\PWD_TPFinal\Vista\imagenes\ipad_air.jpg ... no existe
Probando: C:\xampp\htdocs\PWD_TPFinal\Vista\imagenes\ipad_air.jpeg ... no existe
Probando: C:\xampp\htdocs\PWD_TPFinal\Vista\imagenes\ipad_air.png ... ENCONTRADO

----- Producto: iphone 12 -----
Nombre base generado: iphone_12
Buscando en dir: C:\xampp\htdocs\PWD_TPFinal\Vista\imagenes\
Base URL candidata: /PWD_TPFinal/Vista/imagenes/
Probando: C:\xampp\htdocs\PWD_TPFinal\Vista\imagenes\iphone_12.jpg ... ENCONTRADO

----- Producto: ipad air -----
Nombre base generado: ipad_air
Buscando en dir: C:\xampp\htdocs\PWD_TPFinal\Vista\imagenes\
Base URL candidata: /PWD_TPFinal/Vista/imagenes/
Probando: C:\xampp\htdocs\PWD_TPFinal\Vista\imagenes\ipad_air.jpg ... no existe
Probando: C:\xampp\htdocs\PWD_TPFinal\Vista\imagenes\ipad_air.jpeg ... no existe
Probando: C:\xampp\htdocs\PWD_TPFinal\Vista\imagenes\ipad_air.png ... ENCONTRADO

----- Producto: iphone 12 -----
Nombre base generado: iphone_12
Buscando en dir: C:\xampp\htdocs\PWD_TPFinal\Vista\imagenes\
Base URL candidata: /PWD_TPFinal/Vista/imagenes/
Probando: C:\xampp\htdocs\PWD_TPFinal\Vista\imagenes\iphone_12.jpg ... ENCONTRADO

----- Producto: ipad air -----
Nombre base generado: ipad_air
Buscando en dir: C:\xampp\htdocs\PWD_TPFinal\Vista\imagenes\
Base URL candidata: /PWD_TPFinal/Vista/imagenes/
Probando: C:\xampp\htdocs\PWD_TPFinal\Vista\imagenes\ipad_air.jpg ... no existe
Probando: C:\xampp\htdocs\PWD_TPFinal\Vista\imagenes\ipad_air.jpeg ... no existe
Probando: C:\xampp\htdocs\PWD_TPFinal\Vista\imagenes\ipad_air.png ... ENCONTRADO

----- Producto: iphone 12 -----
Nombre base generado: iphone_12
Buscando en dir: C:\xampp\htdocs\PWD_TPFinal\Vista\imagenes\
Base URL candidata: /PWD_TPFinal/Vista/imagenes/
Probando: C:\xampp\htdocs\PWD_TPFinal\Vista\imagenes\iphone_12.jpg ... ENCONTRADO

----- Producto: ipad air -----
Nombre base generado: ipad_air
Buscando en dir: C:\xampp\htdocs\PWD_TPFinal\Vista\imagenes\
Base URL candidata: /PWD_TPFinal/Vista/imagenes/
Probando: C:\xampp\htdocs\PWD_TPFinal\Vista\imagenes\ipad_air.jpg ... no existe
Probando: C:\xampp\htdocs\PWD_TPFinal\Vista\imagenes\ipad_air.jpeg ... no existe
Probando: C:\xampp\htdocs\PWD_TPFinal\Vista\imagenes\ipad_air.png ... ENCONTRADO

----- Producto: iphone 12 -----
Nombre base generado: iphone_12
Buscando en dir: C:\xampp\htdocs\PWD_TPFinal\Vista\imagenes\
Base URL candidata: /PWD_TPFinal/Vista/imagenes/
Probando: C:\xampp\htdocs\PWD_TPFinal\Vista\imagenes\iphone_12.jpg ... ENCONTRADO

----- Producto: ipad air -----
Nombre base generado: ipad_air
Buscando en dir: C:\xampp\htdocs\PWD_TPFinal\Vista\imagenes\
Base URL candidata: /PWD_TPFinal/Vista/imagenes/
Probando: C:\xampp\htdocs\PWD_TPFinal\Vista\imagenes\ipad_air.jpg ... no existe
Probando: C:\xampp\htdocs\PWD_TPFinal\Vista\imagenes\ipad_air.jpeg ... no existe
Probando: C:\xampp\htdocs\PWD_TPFinal\Vista\imagenes\ipad_air.png ... ENCONTRADO

----- Producto: iphone 12 -----
Nombre base generado: iphone_12
Buscando en dir: C:\xampp\htdocs\PWD_TPFinal\Vista\imagenes\
Base URL candidata: /PWD_TPFinal/Vista/imagenes/
Probando: C:\xampp\htdocs\PWD_TPFinal\Vista\imagenes\iphone_12.jpg ... ENCONTRADO

----- Producto: ipad air -----
Nombre base generado: ipad_air
Buscando en dir: C:\xampp\htdocs\PWD_TPFinal\Vista\imagenes\
Base URL candidata: /PWD_TPFinal/Vista/imagenes/
Probando: C:\xampp\htdocs\PWD_TPFinal\Vista\imagenes\ipad_air.jpg ... no existe
Probando: C:\xampp\htdocs\PWD_TPFinal\Vista\imagenes\ipad_air.jpeg ... no existe
Probando: C:\xampp\htdocs\PWD_TPFinal\Vista\imagenes\ipad_air.png ... ENCONTRADO

----- Producto: iphone 12 -----
Nombre base generado: iphone_12
Buscando en dir: C:\xampp\htdocs\PWD_TPFinal\Vista\imagenes\
Base URL candidata: /PWD_TPFinal/Vista/imagenes/
Probando: C:\xampp\htdocs\PWD_TPFinal\Vista\imagenes\iphone_12.jpg ... ENCONTRADO

----- Producto: ipad air -----
Nombre base generado: ipad_air
Buscando en dir: C:\xampp\htdocs\PWD_TPFinal\Vista\imagenes\
Base URL candidata: /PWD_TPFinal/Vista/imagenes/
Probando: C:\xampp\htdocs\PWD_TPFinal\Vista\imagenes\ipad_air.jpg ... no existe
Probando: C:\xampp\htdocs\PWD_TPFinal\Vista\imagenes\ipad_air.jpeg ... no existe
Probando: C:\xampp\htdocs\PWD_TPFinal\Vista\imagenes\ipad_air.png ... ENCONTRADO

----- Producto: iphone 12 -----
Nombre base generado: iphone_12
Buscando en dir: C:\xampp\htdocs\PWD_TPFinal\Vista\imagenes\
Base URL candidata: /PWD_TPFinal/Vista/imagenes/
Probando: C:\xampp\htdocs\PWD_TPFinal\Vista\imagenes\iphone_12.jpg ... ENCONTRADO

----- Producto: ipad air -----
Nombre base generado: ipad_air
Buscando en dir: C:\xampp\htdocs\PWD_TPFinal\Vista\imagenes\
Base URL candidata: /PWD_TPFinal/Vista/imagenes/
Probando: C:\xampp\htdocs\PWD_TPFinal\Vista\imagenes\ipad_air.jpg ... no existe
Probando: C:\xampp\htdocs\PWD_TPFinal\Vista\imagenes\ipad_air.jpeg ... no existe
Probando: C:\xampp\htdocs\PWD_TPFinal\Vista\imagenes\ipad_air.png ... ENCONTRADO

----- Producto: iphone 12 -----
Nombre base generado: iphone_12
Buscando en dir: C:\xampp\htdocs\PWD_TPFinal\Vista\imagenes\
Base URL candidata: /PWD_TPFinal/Vista/imagenes/
Probando: C:\xampp\htdocs\PWD_TPFinal\Vista\imagenes\iphone_12.jpg ... ENCONTRADO

----- Producto: ipad air -----
Nombre base generado: ipad_air
Buscando en dir: C:\xampp\htdocs\PWD_TPFinal\Vista\imagenes\
Base URL candidata: /PWD_TPFinal/Vista/imagenes/
Probando: C:\xampp\htdocs\PWD_TPFinal\Vista\imagenes\ipad_air.jpg ... no existe
Probando: C:\xampp\htdocs\PWD_TPFinal\Vista\imagenes\ipad_air.jpeg ... no existe
Probando: C:\xampp\htdocs\PWD_TPFinal\Vista\imagenes\ipad_air.png ... ENCONTRADO

----- Producto: xiaomi 13 -----
Nombre base generado: xiaomi_13
Buscando en dir: C:\xampp\htdocs\PWD_TPFinal\Vista\imagenes\
Base URL candidata: /PWD_TPFinal/Vista/imagenes/
Probando: C:\xampp\htdocs\PWD_TPFinal\Vista\imagenes\xiaomi_13.jpg ... ENCONTRADO

----- Producto: iphone 12 -----
Nombre base generado: iphone_12
Buscando en dir: C:\xampp\htdocs\PWD_TPFinal\Vista\imagenes\
Base URL candidata: /PWD_TPFinal/Vista/imagenes/
Probando: C:\xampp\htdocs\PWD_TPFinal\Vista\imagenes\iphone_12.jpg ... ENCONTRADO

----- Producto: ipad air -----
Nombre base generado: ipad_air
Buscando en dir: C:\xampp\htdocs\PWD_TPFinal\Vista\imagenes\
Base URL candidata: /PWD_TPFinal/Vista/imagenes/
Probando: C:\xampp\htdocs\PWD_TPFinal\Vista\imagenes\ipad_air.jpg ... no existe
Probando: C:\xampp\htdocs\PWD_TPFinal\Vista\imagenes\ipad_air.jpeg ... no existe
Probando: C:\xampp\htdocs\PWD_TPFinal\Vista\imagenes\ipad_air.png ... ENCONTRADO

----- Producto: xiaomi 13 -----
Nombre base generado: xiaomi_13
Buscando en dir: C:\xampp\htdocs\PWD_TPFinal\Vista\imagenes\
Base URL candidata: /PWD_TPFinal/Vista/imagenes/
Probando: C:\xampp\htdocs\PWD_TPFinal\Vista\imagenes\xiaomi_13.jpg ... ENCONTRADO

----- Producto: iphone 12 -----
Nombre base generado: iphone_12
Buscando en dir: C:\xampp\htdocs\PWD_TPFinal\Vista\imagenes\
Base URL candidata: /PWD_TPFinal/Vista/imagenes/
Probando: C:\xampp\htdocs\PWD_TPFinal\Vista\imagenes\iphone_12.jpg ... ENCONTRADO

----- Producto: ipad air -----
Nombre base generado: ipad_air
Buscando en dir: C:\xampp\htdocs\PWD_TPFinal\Vista\imagenes\
Base URL candidata: /PWD_TPFinal/Vista/imagenes/
Probando: C:\xampp\htdocs\PWD_TPFinal\Vista\imagenes\ipad_air.jpg ... no existe
Probando: C:\xampp\htdocs\PWD_TPFinal\Vista\imagenes\ipad_air.jpeg ... no existe
Probando: C:\xampp\htdocs\PWD_TPFinal\Vista\imagenes\ipad_air.png ... ENCONTRADO

----- Producto: xiaomi 13 -----
Nombre base generado: xiaomi_13
Buscando en dir: C:\xampp\htdocs\PWD_TPFinal\Vista\imagenes\
Base URL candidata: /PWD_TPFinal/Vista/imagenes/
Probando: C:\xampp\htdocs\PWD_TPFinal\Vista\imagenes\xiaomi_13.jpg ... ENCONTRADO

----- Producto: iphone 12 -----
Nombre base generado: iphone_12
Buscando en dir: C:\xampp\htdocs\PWD_TPFinal\Vista\imagenes\
Base URL candidata: /PWD_TPFinal/Vista/imagenes/
Probando: C:\xampp\htdocs\PWD_TPFinal\Vista\imagenes\iphone_12.jpg ... ENCONTRADO

----- Producto: ipad air -----
Nombre base generado: ipad_air
Buscando en dir: C:\xampp\htdocs\PWD_TPFinal\Vista\imagenes\
Base URL candidata: /PWD_TPFinal/Vista/imagenes/
Probando: C:\xampp\htdocs\PWD_TPFinal\Vista\imagenes\ipad_air.jpg ... no existe
Probando: C:\xampp\htdocs\PWD_TPFinal\Vista\imagenes\ipad_air.jpeg ... no existe
Probando: C:\xampp\htdocs\PWD_TPFinal\Vista\imagenes\ipad_air.png ... ENCONTRADO
<<<<<<< HEAD
=======

----- Producto: xiaomi 13 -----
Nombre base generado: xiaomi_13
Buscando en dir: C:\xampp\htdocs\PWD_TPFinal\Vista\imagenes\
Base URL candidata: /PWD_TPFinal/Vista/imagenes/
Probando: C:\xampp\htdocs\PWD_TPFinal\Vista\imagenes\xiaomi_13.jpg ... ENCONTRADO

----- Producto: iphone 12 -----
Nombre base generado: iphone_12
Buscando en dir: C:\xampp\htdocs\PWD_TPFinal\Vista\imagenes\
Base URL candidata: /PWD_TPFinal/Vista/imagenes/
Probando: C:\xampp\htdocs\PWD_TPFinal\Vista\imagenes\iphone_12.jpg ... ENCONTRADO

----- Producto: ipad air -----
Nombre base generado: ipad_air
Buscando en dir: C:\xampp\htdocs\PWD_TPFinal\Vista\imagenes\
Base URL candidata: /PWD_TPFinal/Vista/imagenes/
Probando: C:\xampp\htdocs\PWD_TPFinal\Vista\imagenes\ipad_air.jpg ... no existe
Probando: C:\xampp\htdocs\PWD_TPFinal\Vista\imagenes\ipad_air.jpeg ... no existe
Probando: C:\xampp\htdocs\PWD_TPFinal\Vista\imagenes\ipad_air.png ... ENCONTRADO

----- Producto: xiaomi 13 -----
Nombre base generado: xiaomi_13
Buscando en dir: C:\xampp\htdocs\PWD_TPFinal\Vista\imagenes\
Base URL candidata: /PWD_TPFinal/Vista/imagenes/
Probando: C:\xampp\htdocs\PWD_TPFinal\Vista\imagenes\xiaomi_13.jpg ... ENCONTRADO

----- Producto: iphone 12 -----
Nombre base generado: iphone_12
Buscando en dir: C:\xampp\htdocs\PWD_TPFinal\Vista\imagenes\
Base URL candidata: /PWD_TPFinal/Vista/imagenes/
Probando: C:\xampp\htdocs\PWD_TPFinal\Vista\imagenes\iphone_12.jpg ... ENCONTRADO

----- Producto: ipad air -----
Nombre base generado: ipad_air
Buscando en dir: C:\xampp\htdocs\PWD_TPFinal\Vista\imagenes\
Base URL candidata: /PWD_TPFinal/Vista/imagenes/
Probando: C:\xampp\htdocs\PWD_TPFinal\Vista\imagenes\ipad_air.jpg ... no existe
Probando: C:\xampp\htdocs\PWD_TPFinal\Vista\imagenes\ipad_air.jpeg ... no existe
Probando: C:\xampp\htdocs\PWD_TPFinal\Vista\imagenes\ipad_air.png ... ENCONTRADO

----- Producto: xiaomi 13 -----
Nombre base generado: xiaomi_13
Buscando en dir: C:\xampp\htdocs\PWD_TPFinal\Vista\imagenes\
Base URL candidata: /PWD_TPFinal/Vista/imagenes/
Probando: C:\xampp\htdocs\PWD_TPFinal\Vista\imagenes\xiaomi_13.jpg ... ENCONTRADO

----- Producto: iphone 12 -----
Nombre base generado: iphone_12
Buscando en dir: C:\xampp\htdocs\PWD_TPFinal\Vista\imagenes\
Base URL candidata: /PWD_TPFinal/Vista/imagenes/
Probando: C:\xampp\htdocs\PWD_TPFinal\Vista\imagenes\iphone_12.jpg ... ENCONTRADO

----- Producto: ipad air -----
Nombre base generado: ipad_air
Buscando en dir: C:\xampp\htdocs\PWD_TPFinal\Vista\imagenes\
Base URL candidata: /PWD_TPFinal/Vista/imagenes/
Probando: C:\xampp\htdocs\PWD_TPFinal\Vista\imagenes\ipad_air.jpg ... no existe
Probando: C:\xampp\htdocs\PWD_TPFinal\Vista\imagenes\ipad_air.jpeg ... no existe
Probando: C:\xampp\htdocs\PWD_TPFinal\Vista\imagenes\ipad_air.png ... ENCONTRADO

----- Producto: xiaomi 13 -----
Nombre base generado: xiaomi_13
Buscando en dir: C:\xampp\htdocs\PWD_TPFinal\Vista\imagenes\
Base URL candidata: /PWD_TPFinal/Vista/imagenes/
Probando: C:\xampp\htdocs\PWD_TPFinal\Vista\imagenes\xiaomi_13.jpg ... ENCONTRADO

----- Producto: s25 ultra -----
Nombre base generado: s25_ultra
Buscando en dir: C:\xampp\htdocs\PWD_TPFinal\Vista\imagenes\
Base URL candidata: /PWD_TPFinal/Vista/imagenes/
Probando: C:\xampp\htdocs\PWD_TPFinal\Vista\imagenes\s25_ultra.jpg ... ENCONTRADO

----- Producto: iphone 12 -----
Nombre base generado: iphone_12
Buscando en dir: C:\xampp\htdocs\PWD_TPFinal\Vista\imagenes\
Base URL candidata: /PWD_TPFinal/Vista/imagenes/
Probando: C:\xampp\htdocs\PWD_TPFinal\Vista\imagenes\iphone_12.jpg ... ENCONTRADO

----- Producto: ipad air -----
Nombre base generado: ipad_air
Buscando en dir: C:\xampp\htdocs\PWD_TPFinal\Vista\imagenes\
Base URL candidata: /PWD_TPFinal/Vista/imagenes/
Probando: C:\xampp\htdocs\PWD_TPFinal\Vista\imagenes\ipad_air.jpg ... no existe
Probando: C:\xampp\htdocs\PWD_TPFinal\Vista\imagenes\ipad_air.jpeg ... no existe
Probando: C:\xampp\htdocs\PWD_TPFinal\Vista\imagenes\ipad_air.png ... ENCONTRADO

----- Producto: xiaomi 13 -----
Nombre base generado: xiaomi_13
Buscando en dir: C:\xampp\htdocs\PWD_TPFinal\Vista\imagenes\
Base URL candidata: /PWD_TPFinal/Vista/imagenes/
Probando: C:\xampp\htdocs\PWD_TPFinal\Vista\imagenes\xiaomi_13.jpg ... ENCONTRADO

----- Producto: s25 ultra -----
Nombre base generado: s25_ultra
Buscando en dir: C:\xampp\htdocs\PWD_TPFinal\Vista\imagenes\
Base URL candidata: /PWD_TPFinal/Vista/imagenes/
Probando: C:\xampp\htdocs\PWD_TPFinal\Vista\imagenes\s25_ultra.jpg ... ENCONTRADO

----- Producto: iphone 12 -----
Nombre base generado: iphone_12
Buscando en dir: C:\xampp\htdocs\PWD_TPFinal\Vista\imagenes\
Base URL candidata: /PWD_TPFinal/Vista/imagenes/
Probando: C:\xampp\htdocs\PWD_TPFinal\Vista\imagenes\iphone_12.jpg ... ENCONTRADO

----- Producto: ipad air -----
Nombre base generado: ipad_air
Buscando en dir: C:\xampp\htdocs\PWD_TPFinal\Vista\imagenes\
Base URL candidata: /PWD_TPFinal/Vista/imagenes/
Probando: C:\xampp\htdocs\PWD_TPFinal\Vista\imagenes\ipad_air.jpg ... no existe
Probando: C:\xampp\htdocs\PWD_TPFinal\Vista\imagenes\ipad_air.jpeg ... no existe
Probando: C:\xampp\htdocs\PWD_TPFinal\Vista\imagenes\ipad_air.png ... ENCONTRADO

----- Producto: xiaomi 13 -----
Nombre base generado: xiaomi_13
Buscando en dir: C:\xampp\htdocs\PWD_TPFinal\Vista\imagenes\
Base URL candidata: /PWD_TPFinal/Vista/imagenes/
Probando: C:\xampp\htdocs\PWD_TPFinal\Vista\imagenes\xiaomi_13.jpg ... ENCONTRADO

----- Producto: s25 ultra -----
Nombre base generado: s25_ultra
Buscando en dir: C:\xampp\htdocs\PWD_TPFinal\Vista\imagenes\
Base URL candidata: /PWD_TPFinal/Vista/imagenes/
Probando: C:\xampp\htdocs\PWD_TPFinal\Vista\imagenes\s25_ultra.jpg ... ENCONTRADO
>>>>>>> f371c90bdbcdbac5c1afcfaed7a37b01f6e19e58

----- Producto: iphone 12 -----
Nombre base generado: iphone_12
Buscando en dir: C:\xampp\htdocs\PWD_TPFinal\Vista\imagenes\
Base URL candidata: /PWD_TPFinal/Vista/imagenes/
Probando: C:\xampp\htdocs\PWD_TPFinal\Vista\imagenes\iphone_12.jpg ... ENCONTRADO

----- Producto: ipad air -----
Nombre base generado: ipad_air
Buscando en dir: C:\xampp\htdocs\PWD_TPFinal\Vista\imagenes\
Base URL candidata: /PWD_TPFinal/Vista/imagenes/
Probando: C:\xampp\htdocs\PWD_TPFinal\Vista\imagenes\ipad_air.jpg ... no existe
Probando: C:\xampp\htdocs\PWD_TPFinal\Vista\imagenes\ipad_air.jpeg ... no existe
Probando: C:\xampp\htdocs\PWD_TPFinal\Vista\imagenes\ipad_air.png ... ENCONTRADO

----- Producto: iphone 12 -----
Nombre base generado: iphone_12
Buscando en dir: C:\xampp\htdocs\PWD_TPFinal\Vista\imagenes\
Base URL candidata: /PWD_TPFinal/Vista/imagenes/
Probando: C:\xampp\htdocs\PWD_TPFinal\Vista\imagenes\iphone_12.jpg ... ENCONTRADO

----- Producto: ipad air -----
Nombre base generado: ipad_air
Buscando en dir: C:\xampp\htdocs\PWD_TPFinal\Vista\imagenes\
Base URL candidata: /PWD_TPFinal/Vista/imagenes/
Probando: C:\xampp\htdocs\PWD_TPFinal\Vista\imagenes\ipad_air.jpg ... no existe
Probando: C:\xampp\htdocs\PWD_TPFinal\Vista\imagenes\ipad_air.jpeg ... no existe
Probando: C:\xampp\htdocs\PWD_TPFinal\Vista\imagenes\ipad_air.png ... ENCONTRADO

----- Producto: iphone 12 -----
Nombre base generado: iphone_12
Buscando en dir: C:\xampp\htdocs\PWD_TPFinal\Vista\imagenes\
Base URL candidata: /PWD_TPFinal/Vista/imagenes/
Probando: C:\xampp\htdocs\PWD_TPFinal\Vista\imagenes\iphone_12.jpg ... ENCONTRADO

----- Producto: ipad air -----
Nombre base generado: ipad_air
Buscando en dir: C:\xampp\htdocs\PWD_TPFinal\Vista\imagenes\
Base URL candidata: /PWD_TPFinal/Vista/imagenes/
Probando: C:\xampp\htdocs\PWD_TPFinal\Vista\imagenes\ipad_air.jpg ... no existe
Probando: C:\xampp\htdocs\PWD_TPFinal\Vista\imagenes\ipad_air.jpeg ... no existe
Probando: C:\xampp\htdocs\PWD_TPFinal\Vista\imagenes\ipad_air.png ... ENCONTRADO

----- Producto: xiaomi redmi note 13 -----
Nombre base generado: xiaomi_redmi_note_13
Buscando en dir: C:\xampp\htdocs\PWD_TPFinal\Vista\imagenes\
Base URL candidata: /PWD_TPFinal/Vista/imagenes/
Probando: C:\xampp\htdocs\PWD_TPFinal\Vista\imagenes\xiaomi_redmi_note_13.jpg ... ENCONTRADO

----- Producto: iphone 12 -----
Nombre base generado: iphone_12
Buscando en dir: C:\xampp\htdocs\PWD_TPFinal\Vista\imagenes\
Base URL candidata: /PWD_TPFinal/Vista/imagenes/
Probando: C:\xampp\htdocs\PWD_TPFinal\Vista\imagenes\iphone_12.jpg ... ENCONTRADO

----- Producto: ipad air -----
Nombre base generado: ipad_air
Buscando en dir: C:\xampp\htdocs\PWD_TPFinal\Vista\imagenes\
Base URL candidata: /PWD_TPFinal/Vista/imagenes/
Probando: C:\xampp\htdocs\PWD_TPFinal\Vista\imagenes\ipad_air.jpg ... no existe
Probando: C:\xampp\htdocs\PWD_TPFinal\Vista\imagenes\ipad_air.jpeg ... no existe
Probando: C:\xampp\htdocs\PWD_TPFinal\Vista\imagenes\ipad_air.png ... ENCONTRADO

----- Producto: xiaomi redmi note 13 -----
Nombre base generado: xiaomi_redmi_note_13
Buscando en dir: C:\xampp\htdocs\PWD_TPFinal\Vista\imagenes\
Base URL candidata: /PWD_TPFinal/Vista/imagenes/
Probando: C:\xampp\htdocs\PWD_TPFinal\Vista\imagenes\xiaomi_redmi_note_13.jpg ... ENCONTRADO

----- Producto: iphone 12 -----
Nombre base generado: iphone_12
Buscando en dir: C:\xampp\htdocs\PWD_TPFinal\Vista\imagenes\
Base URL candidata: /PWD_TPFinal/Vista/imagenes/
Probando: C:\xampp\htdocs\PWD_TPFinal\Vista\imagenes\iphone_12.jpg ... ENCONTRADO

----- Producto: ipad air -----
Nombre base generado: ipad_air
Buscando en dir: C:\xampp\htdocs\PWD_TPFinal\Vista\imagenes\
Base URL candidata: /PWD_TPFinal/Vista/imagenes/
Probando: C:\xampp\htdocs\PWD_TPFinal\Vista\imagenes\ipad_air.jpg ... no existe
Probando: C:\xampp\htdocs\PWD_TPFinal\Vista\imagenes\ipad_air.jpeg ... no existe
Probando: C:\xampp\htdocs\PWD_TPFinal\Vista\imagenes\ipad_air.png ... ENCONTRADO

----- Producto: xiaomi redmi note 13 -----
Nombre base generado: xiaomi_redmi_note_13
Buscando en dir: C:\xampp\htdocs\PWD_TPFinal\Vista\imagenes\
Base URL candidata: /PWD_TPFinal/Vista/imagenes/
Probando: C:\xampp\htdocs\PWD_TPFinal\Vista\imagenes\xiaomi_redmi_note_13.jpg ... ENCONTRADO

----- Producto: iphone 12 -----
Nombre base generado: iphone_12
Buscando en dir: C:\xampp\htdocs\PWD_TPFinal\Vista\imagenes\
Base URL candidata: /PWD_TPFinal/Vista/imagenes/
Probando: C:\xampp\htdocs\PWD_TPFinal\Vista\imagenes\iphone_12.jpg ... ENCONTRADO

----- Producto: ipad air -----
Nombre base generado: ipad_air
Buscando en dir: C:\xampp\htdocs\PWD_TPFinal\Vista\imagenes\
Base URL candidata: /PWD_TPFinal/Vista/imagenes/
Probando: C:\xampp\htdocs\PWD_TPFinal\Vista\imagenes\ipad_air.jpg ... no existe
Probando: C:\xampp\htdocs\PWD_TPFinal\Vista\imagenes\ipad_air.jpeg ... no existe
Probando: C:\xampp\htdocs\PWD_TPFinal\Vista\imagenes\ipad_air.png ... ENCONTRADO

----- Producto: xiaomi redmi note 13 -----
Nombre base generado: xiaomi_redmi_note_13
Buscando en dir: C:\xampp\htdocs\PWD_TPFinal\Vista\imagenes\
Base URL candidata: /PWD_TPFinal/Vista/imagenes/
Probando: C:\xampp\htdocs\PWD_TPFinal\Vista\imagenes\xiaomi_redmi_note_13.jpg ... ENCONTRADO

----- Producto: iphone 12 -----
Nombre base generado: iphone_12
Buscando en dir: C:\xampp\htdocs\PWD_TPFinal\Vista\imagenes\
Base URL candidata: /PWD_TPFinal/Vista/imagenes/
Probando: C:\xampp\htdocs\PWD_TPFinal\Vista\imagenes\iphone_12.jpg ... ENCONTRADO

----- Producto: ipad air -----
Nombre base generado: ipad_air
Buscando en dir: C:\xampp\htdocs\PWD_TPFinal\Vista\imagenes\
Base URL candidata: /PWD_TPFinal/Vista/imagenes/
Probando: C:\xampp\htdocs\PWD_TPFinal\Vista\imagenes\ipad_air.jpg ... no existe
Probando: C:\xampp\htdocs\PWD_TPFinal\Vista\imagenes\ipad_air.jpeg ... no existe
Probando: C:\xampp\htdocs\PWD_TPFinal\Vista\imagenes\ipad_air.png ... ENCONTRADO

----- Producto: xiaomi redmi note 13 -----
Nombre base generado: xiaomi_redmi_note_13
Buscando en dir: C:\xampp\htdocs\PWD_TPFinal\Vista\imagenes\
Base URL candidata: /PWD_TPFinal/Vista/imagenes/
Probando: C:\xampp\htdocs\PWD_TPFinal\Vista\imagenes\xiaomi_redmi_note_13.jpg ... ENCONTRADO

----- Producto: iphone 12 -----
Nombre base generado: iphone_12
Buscando en dir: C:\xampp\htdocs\PWD_TPFinal\Vista\imagenes\
Base URL candidata: /PWD_TPFinal/Vista/imagenes/
Probando: C:\xampp\htdocs\PWD_TPFinal\Vista\imagenes\iphone_12.jpg ... ENCONTRADO

----- Producto: ipad air -----
Nombre base generado: ipad_air
Buscando en dir: C:\xampp\htdocs\PWD_TPFinal\Vista\imagenes\
Base URL candidata: /PWD_TPFinal/Vista/imagenes/
Probando: C:\xampp\htdocs\PWD_TPFinal\Vista\imagenes\ipad_air.jpg ... no existe
Probando: C:\xampp\htdocs\PWD_TPFinal\Vista\imagenes\ipad_air.jpeg ... no existe
Probando: C:\xampp\htdocs\PWD_TPFinal\Vista\imagenes\ipad_air.png ... ENCONTRADO

----- Producto: xiaomi redmi note 13 -----
Nombre base generado: xiaomi_redmi_note_13
Buscando en dir: C:\xampp\htdocs\PWD_TPFinal\Vista\imagenes\
Base URL candidata: /PWD_TPFinal/Vista/imagenes/
Probando: C:\xampp\htdocs\PWD_TPFinal\Vista\imagenes\xiaomi_redmi_note_13.jpg ... ENCONTRADO

----- Producto: iphone 12 -----
Nombre base generado: iphone_12
Buscando en dir: C:\xampp\htdocs\PWD_TPFinal\Vista\imagenes\
Base URL candidata: /PWD_TPFinal/Vista/imagenes/
Probando: C:\xampp\htdocs\PWD_TPFinal\Vista\imagenes\iphone_12.jpg ... ENCONTRADO

----- Producto: ipad air -----
Nombre base generado: ipad_air
Buscando en dir: C:\xampp\htdocs\PWD_TPFinal\Vista\imagenes\
Base URL candidata: /PWD_TPFinal/Vista/imagenes/
Probando: C:\xampp\htdocs\PWD_TPFinal\Vista\imagenes\ipad_air.jpg ... no existe
Probando: C:\xampp\htdocs\PWD_TPFinal\Vista\imagenes\ipad_air.jpeg ... no existe
Probando: C:\xampp\htdocs\PWD_TPFinal\Vista\imagenes\ipad_air.png ... ENCONTRADO

----- Producto: xiaomi redmi note 13 -----
Nombre base generado: xiaomi_redmi_note_13
Buscando en dir: C:\xampp\htdocs\PWD_TPFinal\Vista\imagenes\
Base URL candidata: /PWD_TPFinal/Vista/imagenes/
Probando: C:\xampp\htdocs\PWD_TPFinal\Vista\imagenes\xiaomi_redmi_note_13.jpg ... ENCONTRADO

----- Producto: iphone 12 -----
Nombre base generado: iphone_12
Buscando en dir: C:\xampp\htdocs\PWD_TPFinal\Vista\imagenes\
Base URL candidata: /PWD_TPFinal/Vista/imagenes/
Probando: C:\xampp\htdocs\PWD_TPFinal\Vista\imagenes\iphone_12.jpg ... ENCONTRADO

----- Producto: ipad air -----
Nombre base generado: ipad_air
Buscando en dir: C:\xampp\htdocs\PWD_TPFinal\Vista\imagenes\
Base URL candidata: /PWD_TPFinal/Vista/imagenes/
Probando: C:\xampp\htdocs\PWD_TPFinal\Vista\imagenes\ipad_air.jpg ... no existe
Probando: C:\xampp\htdocs\PWD_TPFinal\Vista\imagenes\ipad_air.jpeg ... no existe
Probando: C:\xampp\htdocs\PWD_TPFinal\Vista\imagenes\ipad_air.png ... ENCONTRADO

----- Producto: xiaomi redmi note 13 -----
Nombre base generado: xiaomi_redmi_note_13
Buscando en dir: C:\xampp\htdocs\PWD_TPFinal\Vista\imagenes\
Base URL candidata: /PWD_TPFinal/Vista/imagenes/
Probando: C:\xampp\htdocs\PWD_TPFinal\Vista\imagenes\xiaomi_redmi_note_13.jpg ... ENCONTRADO

----- Producto: iphone 12 -----
Nombre base generado: iphone_12
Buscando en dir: C:\xampp\htdocs\PWD_TPFinal\Vista\imagenes\
Base URL candidata: /PWD_TPFinal/Vista/imagenes/
Probando: C:\xampp\htdocs\PWD_TPFinal\Vista\imagenes\iphone_12.jpg ... ENCONTRADO

----- Producto: ipad air -----
Nombre base generado: ipad_air
Buscando en dir: C:\xampp\htdocs\PWD_TPFinal\Vista\imagenes\
Base URL candidata: /PWD_TPFinal/Vista/imagenes/
Probando: C:\xampp\htdocs\PWD_TPFinal\Vista\imagenes\ipad_air.jpg ... no existe
Probando: C:\xampp\htdocs\PWD_TPFinal\Vista\imagenes\ipad_air.jpeg ... no existe
Probando: C:\xampp\htdocs\PWD_TPFinal\Vista\imagenes\ipad_air.png ... ENCONTRADO

<<<<<<< HEAD
----- Producto: xiaomi 13 -----
Nombre base generado: xiaomi_13
Buscando en dir: C:\xampp\htdocs\PWD_TPFinal\Vista\imagenes\
Base URL candidata: /PWD_TPFinal/Vista/imagenes/
Probando: C:\xampp\htdocs\PWD_TPFinal\Vista\imagenes\xiaomi_13.jpg ... ENCONTRADO

----- Producto: s25 ultra -----
Nombre base generado: s25_ultra
Buscando en dir: C:\xampp\htdocs\PWD_TPFinal\Vista\imagenes\
Base URL candidata: /PWD_TPFinal/Vista/imagenes/
Probando: C:\xampp\htdocs\PWD_TPFinal\Vista\imagenes\s25_ultra.jpg ... ENCONTRADO
=======
----- Producto: xiaomi redmi note 13 -----
Nombre base generado: xiaomi_redmi_note_13
Buscando en dir: C:\xampp\htdocs\PWD_TPFinal\Vista\imagenes\
Base URL candidata: /PWD_TPFinal/Vista/imagenes/
Probando: C:\xampp\htdocs\PWD_TPFinal\Vista\imagenes\xiaomi_redmi_note_13.jpg ... ENCONTRADO
<<<<<<< HEAD

----- Producto: iphone 12 -----
Nombre base generado: iphone_12
Buscando en dir: C:\xampp\htdocs\PWD_TPFinal\Vista\imagenes\
Base URL candidata: /PWD_TPFinal/Vista/imagenes/
Probando: C:\xampp\htdocs\PWD_TPFinal\Vista\imagenes\iphone_12.jpg ... ENCONTRADO

----- Producto: ipad air -----
Nombre base generado: ipad_air
Buscando en dir: C:\xampp\htdocs\PWD_TPFinal\Vista\imagenes\
Base URL candidata: /PWD_TPFinal/Vista/imagenes/
Probando: C:\xampp\htdocs\PWD_TPFinal\Vista\imagenes\ipad_air.jpg ... no existe
Probando: C:\xampp\htdocs\PWD_TPFinal\Vista\imagenes\ipad_air.jpeg ... no existe
Probando: C:\xampp\htdocs\PWD_TPFinal\Vista\imagenes\ipad_air.png ... ENCONTRADO

----- Producto: xiaomi redmi note 13 -----
Nombre base generado: xiaomi_redmi_note_13
Buscando en dir: C:\xampp\htdocs\PWD_TPFinal\Vista\imagenes\
Base URL candidata: /PWD_TPFinal/Vista/imagenes/
Probando: C:\xampp\htdocs\PWD_TPFinal\Vista\imagenes\xiaomi_redmi_note_13.jpg ... ENCONTRADO
=======
>>>>>>> 4a5b3277cbc8d558e72938e00649a8664b19caf1
>>>>>>> 039e09f06bd38926ba8d14fdf0ed070ae0c47df4

----- Producto: iphone 12 -----
Nombre base generado: iphone_12
Buscando en dir: C:\xampp\htdocs\PWD_TPFinal\Vista\imagenes\
Base URL candidata: /PWD_TPFinal/Vista/imagenes/
Probando: C:\xampp\htdocs\PWD_TPFinal\Vista\imagenes\iphone_12.jpg ... ENCONTRADO

----- Producto: ipad air -----
Nombre base generado: ipad_air
Buscando en dir: C:\xampp\htdocs\PWD_TPFinal\Vista\imagenes\
Base URL candidata: /PWD_TPFinal/Vista/imagenes/
Probando: C:\xampp\htdocs\PWD_TPFinal\Vista\imagenes\ipad_air.jpg ... no existe
Probando: C:\xampp\htdocs\PWD_TPFinal\Vista\imagenes\ipad_air.jpeg ... no existe
Probando: C:\xampp\htdocs\PWD_TPFinal\Vista\imagenes\ipad_air.png ... ENCONTRADO

----- Producto: xiaomi 13 -----
Nombre base generado: xiaomi_13
Buscando en dir: C:\xampp\htdocs\PWD_TPFinal\Vista\imagenes\
Base URL candidata: /PWD_TPFinal/Vista/imagenes/
Probando: C:\xampp\htdocs\PWD_TPFinal\Vista\imagenes\xiaomi_13.jpg ... ENCONTRADO

----- Producto: s25 ultra -----
Nombre base generado: s25_ultra
Buscando en dir: C:\xampp\htdocs\PWD_TPFinal\Vista\imagenes\
Base URL candidata: /PWD_TPFinal/Vista/imagenes/
Probando: C:\xampp\htdocs\PWD_TPFinal\Vista\imagenes\s25_ultra.jpg ... ENCONTRADO

----- Producto: iphone 12 -----
Nombre base generado: iphone_12
Buscando en dir: C:\xampp\htdocs\PWD_TPFinal\Vista\imagenes\
Base URL candidata: /PWD_TPFinal/Vista/imagenes/
Probando: C:\xampp\htdocs\PWD_TPFinal\Vista\imagenes\iphone_12.jpg ... ENCONTRADO

----- Producto: ipad air -----
Nombre base generado: ipad_air
Buscando en dir: C:\xampp\htdocs\PWD_TPFinal\Vista\imagenes\
Base URL candidata: /PWD_TPFinal/Vista/imagenes/
Probando: C:\xampp\htdocs\PWD_TPFinal\Vista\imagenes\ipad_air.jpg ... no existe
Probando: C:\xampp\htdocs\PWD_TPFinal\Vista\imagenes\ipad_air.jpeg ... no existe
Probando: C:\xampp\htdocs\PWD_TPFinal\Vista\imagenes\ipad_air.png ... ENCONTRADO

----- Producto: xiaomi 13 -----
Nombre base generado: xiaomi_13
Buscando en dir: C:\xampp\htdocs\PWD_TPFinal\Vista\imagenes\
Base URL candidata: /PWD_TPFinal/Vista/imagenes/
Probando: C:\xampp\htdocs\PWD_TPFinal\Vista\imagenes\xiaomi_13.jpg ... ENCONTRADO

----- Producto: s25 ultra -----
Nombre base generado: s25_ultra
Buscando en dir: C:\xampp\htdocs\PWD_TPFinal\Vista\imagenes\
Base URL candidata: /PWD_TPFinal/Vista/imagenes/
Probando: C:\xampp\htdocs\PWD_TPFinal\Vista\imagenes\s25_ultra.jpg ... ENCONTRADO

----- Producto: s24 ultra -----
Nombre base generado: s24_ultra
Buscando en dir: C:\xampp\htdocs\PWD_TPFinal\Vista\imagenes\
Base URL candidata: /PWD_TPFinal/Vista/imagenes/
Probando: C:\xampp\htdocs\PWD_TPFinal\Vista\imagenes\s24_ultra.jpg ... no existe
Probando: C:\xampp\htdocs\PWD_TPFinal\Vista\imagenes\s24_ultra.jpeg ... no existe
Probando: C:\xampp\htdocs\PWD_TPFinal\Vista\imagenes\s24_ultra.png ... no existe
Probando: C:\xampp\htdocs\PWD_TPFinal\Vista\imagenes\s24_ultra.webp ... ENCONTRADO

----- Producto: a55 -----
Nombre base generado: a55
Buscando en dir: C:\xampp\htdocs\PWD_TPFinal\Vista\imagenes\
Base URL candidata: /PWD_TPFinal/Vista/imagenes/
Probando: C:\xampp\htdocs\PWD_TPFinal\Vista\imagenes\a55.jpg ... no existe
Probando: C:\xampp\htdocs\PWD_TPFinal\Vista\imagenes\a55.jpeg ... no existe
Probando: C:\xampp\htdocs\PWD_TPFinal\Vista\imagenes\a55.png ... no existe
Probando: C:\xampp\htdocs\PWD_TPFinal\Vista\imagenes\a55.webp ... ENCONTRADO

----- Producto: z fold 6 -----
Nombre base generado: z_fold_6
Buscando en dir: C:\xampp\htdocs\PWD_TPFinal\Vista\imagenes\
Base URL candidata: /PWD_TPFinal/Vista/imagenes/
Probando: C:\xampp\htdocs\PWD_TPFinal\Vista\imagenes\z_fold_6.jpg ... no existe
Probando: C:\xampp\htdocs\PWD_TPFinal\Vista\imagenes\z_fold_6.jpeg ... no existe
Probando: C:\xampp\htdocs\PWD_TPFinal\Vista\imagenes\z_fold_6.png ... ENCONTRADO

----- Producto: ultra -----
Nombre base generado: ultra
Buscando en dir: C:\xampp\htdocs\PWD_TPFinal\Vista\imagenes\
Base URL candidata: /PWD_TPFinal/Vista/imagenes/
Probando: C:\xampp\htdocs\PWD_TPFinal\Vista\imagenes\ultra.jpg ... no existe
Probando: C:\xampp\htdocs\PWD_TPFinal\Vista\imagenes\ultra.jpeg ... no existe
Probando: C:\xampp\htdocs\PWD_TPFinal\Vista\imagenes\ultra.png ... no existe
Probando: C:\xampp\htdocs\PWD_TPFinal\Vista\imagenes\ultra.webp ... no existe
>> Imagen NO encontrada, usando no-image.jpeg

----- Producto: a55 -----
Nombre base generado: a55
Buscando en dir: C:\xampp\htdocs\PWD_TPFinal\Vista\imagenes\
Base URL candidata: /PWD_TPFinal/Vista/imagenes/
Probando: C:\xampp\htdocs\PWD_TPFinal\Vista\imagenes\a55.jpg ... no existe
Probando: C:\xampp\htdocs\PWD_TPFinal\Vista\imagenes\a55.jpeg ... no existe
Probando: C:\xampp\htdocs\PWD_TPFinal\Vista\imagenes\a55.png ... no existe
Probando: C:\xampp\htdocs\PWD_TPFinal\Vista\imagenes\a55.webp ... ENCONTRADO

----- Producto: 6 -----
Nombre base generado: 6
Buscando en dir: C:\xampp\htdocs\PWD_TPFinal\Vista\imagenes\
Base URL candidata: /PWD_TPFinal/Vista/imagenes/
Probando: C:\xampp\htdocs\PWD_TPFinal\Vista\imagenes\6.jpg ... no existe
Probando: C:\xampp\htdocs\PWD_TPFinal\Vista\imagenes\6.jpeg ... no existe
Probando: C:\xampp\htdocs\PWD_TPFinal\Vista\imagenes\6.png ... no existe
Probando: C:\xampp\htdocs\PWD_TPFinal\Vista\imagenes\6.webp ... no existe
>> Imagen NO encontrada, usando no-image.jpeg

----- Producto: max -----
Nombre base generado: max
Buscando en dir: C:\xampp\htdocs\PWD_TPFinal\Vista\imagenes\
Base URL candidata: /PWD_TPFinal/Vista/imagenes/
Probando: C:\xampp\htdocs\PWD_TPFinal\Vista\imagenes\max.jpg ... no existe
Probando: C:\xampp\htdocs\PWD_TPFinal\Vista\imagenes\max.jpeg ... no existe
Probando: C:\xampp\htdocs\PWD_TPFinal\Vista\imagenes\max.png ... no existe
Probando: C:\xampp\htdocs\PWD_TPFinal\Vista\imagenes\max.webp ... no existe
>> Imagen NO encontrada, usando no-image.jpeg

----- Producto: 14 -----
Nombre base generado: 14
Buscando en dir: C:\xampp\htdocs\PWD_TPFinal\Vista\imagenes\
Base URL candidata: /PWD_TPFinal/Vista/imagenes/
Probando: C:\xampp\htdocs\PWD_TPFinal\Vista\imagenes\14.jpg ... no existe
Probando: C:\xampp\htdocs\PWD_TPFinal\Vista\imagenes\14.jpeg ... no existe
Probando: C:\xampp\htdocs\PWD_TPFinal\Vista\imagenes\14.png ... no existe
Probando: C:\xampp\htdocs\PWD_TPFinal\Vista\imagenes\14.webp ... no existe
>> Imagen NO encontrada, usando no-image.jpeg

----- Producto: 2022 -----
Nombre base generado: 2022
Buscando en dir: C:\xampp\htdocs\PWD_TPFinal\Vista\imagenes\
Base URL candidata: /PWD_TPFinal/Vista/imagenes/
Probando: C:\xampp\htdocs\PWD_TPFinal\Vista\imagenes\2022.jpg ... no existe
Probando: C:\xampp\htdocs\PWD_TPFinal\Vista\imagenes\2022.jpeg ... no existe
Probando: C:\xampp\htdocs\PWD_TPFinal\Vista\imagenes\2022.png ... no existe
Probando: C:\xampp\htdocs\PWD_TPFinal\Vista\imagenes\2022.webp ... no existe
>> Imagen NO encontrada, usando no-image.jpeg

----- Producto: pro+ -----
Nombre base generado: pro
Buscando en dir: C:\xampp\htdocs\PWD_TPFinal\Vista\imagenes\
Base URL candidata: /PWD_TPFinal/Vista/imagenes/
Probando: C:\xampp\htdocs\PWD_TPFinal\Vista\imagenes\pro.jpg ... no existe
Probando: C:\xampp\htdocs\PWD_TPFinal\Vista\imagenes\pro.jpeg ... no existe
Probando: C:\xampp\htdocs\PWD_TPFinal\Vista\imagenes\pro.png ... no existe
Probando: C:\xampp\htdocs\PWD_TPFinal\Vista\imagenes\pro.webp ... no existe
>> Imagen NO encontrada, usando no-image.jpeg

----- Producto: ultra -----
Nombre base generado: ultra
Buscando en dir: C:\xampp\htdocs\PWD_TPFinal\Vista\imagenes\
Base URL candidata: /PWD_TPFinal/Vista/imagenes/
Probando: C:\xampp\htdocs\PWD_TPFinal\Vista\imagenes\ultra.jpg ... no existe
Probando: C:\xampp\htdocs\PWD_TPFinal\Vista\imagenes\ultra.jpeg ... no existe
Probando: C:\xampp\htdocs\PWD_TPFinal\Vista\imagenes\ultra.png ... no existe
Probando: C:\xampp\htdocs\PWD_TPFinal\Vista\imagenes\ultra.webp ... no existe
>> Imagen NO encontrada, usando no-image.jpeg

----- Producto: pro -----
Nombre base generado: pro
Buscando en dir: C:\xampp\htdocs\PWD_TPFinal\Vista\imagenes\
Base URL candidata: /PWD_TPFinal/Vista/imagenes/
Probando: C:\xampp\htdocs\PWD_TPFinal\Vista\imagenes\pro.jpg ... no existe
Probando: C:\xampp\htdocs\PWD_TPFinal\Vista\imagenes\pro.jpeg ... no existe
Probando: C:\xampp\htdocs\PWD_TPFinal\Vista\imagenes\pro.png ... no existe
Probando: C:\xampp\htdocs\PWD_TPFinal\Vista\imagenes\pro.webp ... no existe
>> Imagen NO encontrada, usando no-image.jpeg

----- Producto: g84 -----
Nombre base generado: g84
Buscando en dir: C:\xampp\htdocs\PWD_TPFinal\Vista\imagenes\
Base URL candidata: /PWD_TPFinal/Vista/imagenes/
Probando: C:\xampp\htdocs\PWD_TPFinal\Vista\imagenes\g84.jpg ... no existe
Probando: C:\xampp\htdocs\PWD_TPFinal\Vista\imagenes\g84.jpeg ... no existe
Probando: C:\xampp\htdocs\PWD_TPFinal\Vista\imagenes\g84.png ... no existe
Probando: C:\xampp\htdocs\PWD_TPFinal\Vista\imagenes\g84.webp ... no existe
>> Imagen NO encontrada, usando no-image.jpeg

----- Producto: pro -----
Nombre base generado: pro
Buscando en dir: C:\xampp\htdocs\PWD_TPFinal\Vista\imagenes\
Base URL candidata: /PWD_TPFinal/Vista/imagenes/
Probando: C:\xampp\htdocs\PWD_TPFinal\Vista\imagenes\pro.jpg ... no existe
Probando: C:\xampp\htdocs\PWD_TPFinal\Vista\imagenes\pro.jpeg ... no existe
Probando: C:\xampp\htdocs\PWD_TPFinal\Vista\imagenes\pro.png ... no existe
Probando: C:\xampp\htdocs\PWD_TPFinal\Vista\imagenes\pro.webp ... no existe
>> Imagen NO encontrada, usando no-image.jpeg

----- Producto: ultra -----
Nombre base generado: ultra
Buscando en dir: C:\xampp\htdocs\PWD_TPFinal\Vista\imagenes\
Base URL candidata: /PWD_TPFinal/Vista/imagenes/
Probando: C:\xampp\htdocs\PWD_TPFinal\Vista\imagenes\ultra.jpg ... no existe
Probando: C:\xampp\htdocs\PWD_TPFinal\Vista\imagenes\ultra.jpeg ... no existe
Probando: C:\xampp\htdocs\PWD_TPFinal\Vista\imagenes\ultra.png ... no existe
Probando: C:\xampp\htdocs\PWD_TPFinal\Vista\imagenes\ultra.webp ... no existe
>> Imagen NO encontrada, usando no-image.jpeg

----- Producto: pro -----
Nombre base generado: pro
Buscando en dir: C:\xampp\htdocs\PWD_TPFinal\Vista\imagenes\
Base URL candidata: /PWD_TPFinal/Vista/imagenes/
Probando: C:\xampp\htdocs\PWD_TPFinal\Vista\imagenes\pro.jpg ... no existe
Probando: C:\xampp\htdocs\PWD_TPFinal\Vista\imagenes\pro.jpeg ... no existe
Probando: C:\xampp\htdocs\PWD_TPFinal\Vista\imagenes\pro.png ... no existe
Probando: C:\xampp\htdocs\PWD_TPFinal\Vista\imagenes\pro.webp ... no existe
>> Imagen NO encontrada, usando no-image.jpeg

----- Producto: 7a -----
Nombre base generado: 7a
Buscando en dir: C:\xampp\htdocs\PWD_TPFinal\Vista\imagenes\
Base URL candidata: /PWD_TPFinal/Vista/imagenes/
Probando: C:\xampp\htdocs\PWD_TPFinal\Vista\imagenes\7a.jpg ... no existe
Probando: C:\xampp\htdocs\PWD_TPFinal\Vista\imagenes\7a.jpeg ... no existe
Probando: C:\xampp\htdocs\PWD_TPFinal\Vista\imagenes\7a.png ... no existe
Probando: C:\xampp\htdocs\PWD_TPFinal\Vista\imagenes\7a.webp ... no existe
>> Imagen NO encontrada, usando no-image.jpeg

----- Producto: pro -----
Nombre base generado: pro
Buscando en dir: C:\xampp\htdocs\PWD_TPFinal\Vista\imagenes\
Base URL candidata: /PWD_TPFinal/Vista/imagenes/
Probando: C:\xampp\htdocs\PWD_TPFinal\Vista\imagenes\pro.jpg ... no existe
Probando: C:\xampp\htdocs\PWD_TPFinal\Vista\imagenes\pro.jpeg ... no existe
Probando: C:\xampp\htdocs\PWD_TPFinal\Vista\imagenes\pro.png ... no existe
Probando: C:\xampp\htdocs\PWD_TPFinal\Vista\imagenes\pro.webp ... no existe
>> Imagen NO encontrada, usando no-image.jpeg

----- Producto: 50 -----
Nombre base generado: 50
Buscando en dir: C:\xampp\htdocs\PWD_TPFinal\Vista\imagenes\
Base URL candidata: /PWD_TPFinal/Vista/imagenes/
Probando: C:\xampp\htdocs\PWD_TPFinal\Vista\imagenes\50.jpg ... no existe
Probando: C:\xampp\htdocs\PWD_TPFinal\Vista\imagenes\50.jpeg ... no existe
Probando: C:\xampp\htdocs\PWD_TPFinal\Vista\imagenes\50.png ... no existe
Probando: C:\xampp\htdocs\PWD_TPFinal\Vista\imagenes\50.webp ... no existe
>> Imagen NO encontrada, usando no-image.jpeg

----- Producto: pro -----
Nombre base generado: pro
Buscando en dir: C:\xampp\htdocs\PWD_TPFinal\Vista\imagenes\
Base URL candidata: /PWD_TPFinal/Vista/imagenes/
Probando: C:\xampp\htdocs\PWD_TPFinal\Vista\imagenes\pro.jpg ... no existe
Probando: C:\xampp\htdocs\PWD_TPFinal\Vista\imagenes\pro.jpeg ... no existe
Probando: C:\xampp\htdocs\PWD_TPFinal\Vista\imagenes\pro.png ... no existe
Probando: C:\xampp\htdocs\PWD_TPFinal\Vista\imagenes\pro.webp ... no existe
>> Imagen NO encontrada, usando no-image.jpeg

----- Producto: x6 -----
Nombre base generado: x6
Buscando en dir: C:\xampp\htdocs\PWD_TPFinal\Vista\imagenes\
Base URL candidata: /PWD_TPFinal/Vista/imagenes/
Probando: C:\xampp\htdocs\PWD_TPFinal\Vista\imagenes\x6.jpg ... no existe
Probando: C:\xampp\htdocs\PWD_TPFinal\Vista\imagenes\x6.jpeg ... no existe
Probando: C:\xampp\htdocs\PWD_TPFinal\Vista\imagenes\x6.png ... no existe
Probando: C:\xampp\htdocs\PWD_TPFinal\Vista\imagenes\x6.webp ... no existe
>> Imagen NO encontrada, usando no-image.jpeg

----- Producto: 5 -----
Nombre base generado: 5
Buscando en dir: C:\xampp\htdocs\PWD_TPFinal\Vista\imagenes\
Base URL candidata: /PWD_TPFinal/Vista/imagenes/
Probando: C:\xampp\htdocs\PWD_TPFinal\Vista\imagenes\5.jpg ... no existe
Probando: C:\xampp\htdocs\PWD_TPFinal\Vista\imagenes\5.jpeg ... no existe
Probando: C:\xampp\htdocs\PWD_TPFinal\Vista\imagenes\5.png ... no existe
Probando: C:\xampp\htdocs\PWD_TPFinal\Vista\imagenes\5.webp ... no existe
>> Imagen NO encontrada, usando no-image.jpeg

----- Producto: c55 -----
Nombre base generado: c55
Buscando en dir: C:\xampp\htdocs\PWD_TPFinal\Vista\imagenes\
Base URL candidata: /PWD_TPFinal/Vista/imagenes/
Probando: C:\xampp\htdocs\PWD_TPFinal\Vista\imagenes\c55.jpg ... no existe
Probando: C:\xampp\htdocs\PWD_TPFinal\Vista\imagenes\c55.jpeg ... no existe
Probando: C:\xampp\htdocs\PWD_TPFinal\Vista\imagenes\c55.png ... no existe
Probando: C:\xampp\htdocs\PWD_TPFinal\Vista\imagenes\c55.webp ... no existe
>> Imagen NO encontrada, usando no-image.jpeg

----- Producto: iphone 12 -----
Nombre base generado: iphone_12
Buscando en dir: C:\xampp\htdocs\PWD_TPFinal\Vista\imagenes\
Base URL candidata: /PWD_TPFinal/Vista/imagenes/
Probando: C:\xampp\htdocs\PWD_TPFinal\Vista\imagenes\iphone_12.jpg ... ENCONTRADO

----- Producto: ipad air -----
Nombre base generado: ipad_air
Buscando en dir: C:\xampp\htdocs\PWD_TPFinal\Vista\imagenes\
Base URL candidata: /PWD_TPFinal/Vista/imagenes/
Probando: C:\xampp\htdocs\PWD_TPFinal\Vista\imagenes\ipad_air.jpg ... no existe
Probando: C:\xampp\htdocs\PWD_TPFinal\Vista\imagenes\ipad_air.jpeg ... no existe
Probando: C:\xampp\htdocs\PWD_TPFinal\Vista\imagenes\ipad_air.png ... ENCONTRADO

----- Producto: xiaomi 13 -----
Nombre base generado: xiaomi_13
Buscando en dir: C:\xampp\htdocs\PWD_TPFinal\Vista\imagenes\
Base URL candidata: /PWD_TPFinal/Vista/imagenes/
Probando: C:\xampp\htdocs\PWD_TPFinal\Vista\imagenes\xiaomi_13.jpg ... ENCONTRADO

----- Producto: s25 ultra -----
Nombre base generado: s25_ultra
Buscando en dir: C:\xampp\htdocs\PWD_TPFinal\Vista\imagenes\
Base URL candidata: /PWD_TPFinal/Vista/imagenes/
Probando: C:\xampp\htdocs\PWD_TPFinal\Vista\imagenes\s25_ultra.jpg ... ENCONTRADO

----- Producto: s24 ultra -----
Nombre base generado: s24_ultra
Buscando en dir: C:\xampp\htdocs\PWD_TPFinal\Vista\imagenes\
Base URL candidata: /PWD_TPFinal/Vista/imagenes/
Probando: C:\xampp\htdocs\PWD_TPFinal\Vista\imagenes\s24_ultra.jpg ... no existe
Probando: C:\xampp\htdocs\PWD_TPFinal\Vista\imagenes\s24_ultra.jpeg ... no existe
Probando: C:\xampp\htdocs\PWD_TPFinal\Vista\imagenes\s24_ultra.png ... no existe
Probando: C:\xampp\htdocs\PWD_TPFinal\Vista\imagenes\s24_ultra.webp ... ENCONTRADO

----- Producto: galaxy a55 -----
Nombre base generado: galaxy_a55
Buscando en dir: C:\xampp\htdocs\PWD_TPFinal\Vista\imagenes\
Base URL candidata: /PWD_TPFinal/Vista/imagenes/
Probando: C:\xampp\htdocs\PWD_TPFinal\Vista\imagenes\galaxy_a55.jpg ... ENCONTRADO

----- Producto: z fold 6 -----
Nombre base generado: z_fold_6
Buscando en dir: C:\xampp\htdocs\PWD_TPFinal\Vista\imagenes\
Base URL candidata: /PWD_TPFinal/Vista/imagenes/
Probando: C:\xampp\htdocs\PWD_TPFinal\Vista\imagenes\z_fold_6.jpg ... no existe
Probando: C:\xampp\htdocs\PWD_TPFinal\Vista\imagenes\z_fold_6.jpeg ... no existe
Probando: C:\xampp\htdocs\PWD_TPFinal\Vista\imagenes\z_fold_6.png ... ENCONTRADO

----- Producto: s24 ultra -----
Nombre base generado: s24_ultra
Buscando en dir: C:\xampp\htdocs\PWD_TPFinal\Vista\imagenes\
Base URL candidata: /PWD_TPFinal/Vista/imagenes/
Probando: C:\xampp\htdocs\PWD_TPFinal\Vista\imagenes\s24_ultra.jpg ... no existe
Probando: C:\xampp\htdocs\PWD_TPFinal\Vista\imagenes\s24_ultra.jpeg ... no existe
Probando: C:\xampp\htdocs\PWD_TPFinal\Vista\imagenes\s24_ultra.png ... no existe
Probando: C:\xampp\htdocs\PWD_TPFinal\Vista\imagenes\s24_ultra.webp ... ENCONTRADO

----- Producto: iphone 15 promax -----
Nombre base generado: iphone_15_promax
Buscando en dir: C:\xampp\htdocs\PWD_TPFinal\Vista\imagenes\
Base URL candidata: /PWD_TPFinal/Vista/imagenes/
Probando: C:\xampp\htdocs\PWD_TPFinal\Vista\imagenes\iphone_15_promax.jpg ... ENCONTRADO

----- Producto: iphone 14 -----
Nombre base generado: iphone_14
Buscando en dir: C:\xampp\htdocs\PWD_TPFinal\Vista\imagenes\
Base URL candidata: /PWD_TPFinal/Vista/imagenes/
Probando: C:\xampp\htdocs\PWD_TPFinal\Vista\imagenes\iphone_14.jpg ... no existe
Probando: C:\xampp\htdocs\PWD_TPFinal\Vista\imagenes\iphone_14.jpeg ... no existe
Probando: C:\xampp\htdocs\PWD_TPFinal\Vista\imagenes\iphone_14.png ... no existe
Probando: C:\xampp\htdocs\PWD_TPFinal\Vista\imagenes\iphone_14.webp ... ENCONTRADO

----- Producto: iphone se 2022 -----
Nombre base generado: iphone_se_2022
Buscando en dir: C:\xampp\htdocs\PWD_TPFinal\Vista\imagenes\
Base URL candidata: /PWD_TPFinal/Vista/imagenes/
Probando: C:\xampp\htdocs\PWD_TPFinal\Vista\imagenes\iphone_se_2022.jpg ... ENCONTRADO

----- Producto: redmi note 13 pro+ -----
Nombre base generado: redmi_note_13_pro
Buscando en dir: C:\xampp\htdocs\PWD_TPFinal\Vista\imagenes\
Base URL candidata: /PWD_TPFinal/Vista/imagenes/
Probando: C:\xampp\htdocs\PWD_TPFinal\Vista\imagenes\redmi_note_13_pro.jpg ... ENCONTRADO

----- Producto: xiaomi 14 ultra -----
Nombre base generado: xiaomi_14_ultra
Buscando en dir: C:\xampp\htdocs\PWD_TPFinal\Vista\imagenes\
Base URL candidata: /PWD_TPFinal/Vista/imagenes/
Probando: C:\xampp\htdocs\PWD_TPFinal\Vista\imagenes\xiaomi_14_ultra.jpg ... no existe
Probando: C:\xampp\htdocs\PWD_TPFinal\Vista\imagenes\xiaomi_14_ultra.jpeg ... no existe
Probando: C:\xampp\htdocs\PWD_TPFinal\Vista\imagenes\xiaomi_14_ultra.png ... no existe
Probando: C:\xampp\htdocs\PWD_TPFinal\Vista\imagenes\xiaomi_14_ultra.webp ... ENCONTRADO

----- Producto: poco x6 pro -----
Nombre base generado: poco_x6_pro
Buscando en dir: C:\xampp\htdocs\PWD_TPFinal\Vista\imagenes\
Base URL candidata: /PWD_TPFinal/Vista/imagenes/
Probando: C:\xampp\htdocs\PWD_TPFinal\Vista\imagenes\poco_x6_pro.jpg ... ENCONTRADO

----- Producto: moto g84 -----
Nombre base generado: moto_g84
Buscando en dir: C:\xampp\htdocs\PWD_TPFinal\Vista\imagenes\
Base URL candidata: /PWD_TPFinal/Vista/imagenes/
Probando: C:\xampp\htdocs\PWD_TPFinal\Vista\imagenes\moto_g84.jpg ... ENCONTRADO

----- Producto: edge 50 pro -----
Nombre base generado: edge_50_pro
Buscando en dir: C:\xampp\htdocs\PWD_TPFinal\Vista\imagenes\
Base URL candidata: /PWD_TPFinal/Vista/imagenes/
Probando: C:\xampp\htdocs\PWD_TPFinal\Vista\imagenes\edge_50_pro.jpg ... no existe
Probando: C:\xampp\htdocs\PWD_TPFinal\Vista\imagenes\edge_50_pro.jpeg ... no existe
Probando: C:\xampp\htdocs\PWD_TPFinal\Vista\imagenes\edge_50_pro.png ... ENCONTRADO

----- Producto: razr 40 ultra -----
Nombre base generado: razr_40_ultra
Buscando en dir: C:\xampp\htdocs\PWD_TPFinal\Vista\imagenes\
Base URL candidata: /PWD_TPFinal/Vista/imagenes/
Probando: C:\xampp\htdocs\PWD_TPFinal\Vista\imagenes\razr_40_ultra.jpg ... ENCONTRADO

----- Producto: pixel 8 pro -----
Nombre base generado: pixel_8_pro
Buscando en dir: C:\xampp\htdocs\PWD_TPFinal\Vista\imagenes\
Base URL candidata: /PWD_TPFinal/Vista/imagenes/
Probando: C:\xampp\htdocs\PWD_TPFinal\Vista\imagenes\pixel_8_pro.jpg ... no existe
Probando: C:\xampp\htdocs\PWD_TPFinal\Vista\imagenes\pixel_8_pro.jpeg ... ENCONTRADO

----- Producto: pixel 7a -----
Nombre base generado: pixel_7a
Buscando en dir: C:\xampp\htdocs\PWD_TPFinal\Vista\imagenes\
Base URL candidata: /PWD_TPFinal/Vista/imagenes/
Probando: C:\xampp\htdocs\PWD_TPFinal\Vista\imagenes\pixel_7a.jpg ... ENCONTRADO

----- Producto: p60 pro -----
Nombre base generado: p60_pro
Buscando en dir: C:\xampp\htdocs\PWD_TPFinal\Vista\imagenes\
Base URL candidata: /PWD_TPFinal/Vista/imagenes/
Probando: C:\xampp\htdocs\PWD_TPFinal\Vista\imagenes\p60_pro.jpg ... ENCONTRADO

----- Producto: mate 50 -----
Nombre base generado: mate_50
Buscando en dir: C:\xampp\htdocs\PWD_TPFinal\Vista\imagenes\
Base URL candidata: /PWD_TPFinal/Vista/imagenes/
Probando: C:\xampp\htdocs\PWD_TPFinal\Vista\imagenes\mate_50.jpg ... no existe
Probando: C:\xampp\htdocs\PWD_TPFinal\Vista\imagenes\mate_50.jpeg ... ENCONTRADO

----- Producto: reno 11 pro -----
Nombre base generado: reno_11_pro
Buscando en dir: C:\xampp\htdocs\PWD_TPFinal\Vista\imagenes\
Base URL candidata: /PWD_TPFinal/Vista/imagenes/
Probando: C:\xampp\htdocs\PWD_TPFinal\Vista\imagenes\reno_11_pro.jpg ... no existe
Probando: C:\xampp\htdocs\PWD_TPFinal\Vista\imagenes\reno_11_pro.jpeg ... ENCONTRADO

----- Producto: find x6 -----
Nombre base generado: find_x6
Buscando en dir: C:\xampp\htdocs\PWD_TPFinal\Vista\imagenes\
Base URL candidata: /PWD_TPFinal/Vista/imagenes/
Probando: C:\xampp\htdocs\PWD_TPFinal\Vista\imagenes\find_x6.jpg ... ENCONTRADO

----- Producto: gt neo 5 -----
Nombre base generado: gt_neo_5
Buscando en dir: C:\xampp\htdocs\PWD_TPFinal\Vista\imagenes\
Base URL candidata: /PWD_TPFinal/Vista/imagenes/
Probando: C:\xampp\htdocs\PWD_TPFinal\Vista\imagenes\gt_neo_5.jpg ... ENCONTRADO

----- Producto: realme c55 -----
Nombre base generado: realme_c55
Buscando en dir: C:\xampp\htdocs\PWD_TPFinal\Vista\imagenes\
Base URL candidata: /PWD_TPFinal/Vista/imagenes/
Probando: C:\xampp\htdocs\PWD_TPFinal\Vista\imagenes\realme_c55.jpg ... no existe
Probando: C:\xampp\htdocs\PWD_TPFinal\Vista\imagenes\realme_c55.jpeg ... no existe
Probando: C:\xampp\htdocs\PWD_TPFinal\Vista\imagenes\realme_c55.png ... no existe
Probando: C:\xampp\htdocs\PWD_TPFinal\Vista\imagenes\realme_c55.webp ... no existe
>> Imagen NO encontrada, usando no-image.jpeg

----- Producto: iphone 12 -----
Nombre base generado: iphone_12
Buscando en dir: C:\xampp\htdocs\PWD_TPFinal\imagenes\
Base URL candidata: /PWD_TPFinal/imagenes/
Probando: C:\xampp\htdocs\PWD_TPFinal\imagenes\iphone_12.jpg ... no existe
Probando: C:\xampp\htdocs\PWD_TPFinal\imagenes\iphone_12.jpeg ... no existe
Probando: C:\xampp\htdocs\PWD_TPFinal\imagenes\iphone_12.png ... no existe
Probando: C:\xampp\htdocs\PWD_TPFinal\imagenes\iphone_12.webp ... no existe
>> Imagen NO encontrada, usando no-image.jpeg

----- Producto: ipad air -----
Nombre base generado: ipad_air
Buscando en dir: C:\xampp\htdocs\PWD_TPFinal\imagenes\
Base URL candidata: /PWD_TPFinal/imagenes/
Probando: C:\xampp\htdocs\PWD_TPFinal\imagenes\ipad_air.jpg ... no existe
Probando: C:\xampp\htdocs\PWD_TPFinal\imagenes\ipad_air.jpeg ... no existe
Probando: C:\xampp\htdocs\PWD_TPFinal\imagenes\ipad_air.png ... no existe
Probando: C:\xampp\htdocs\PWD_TPFinal\imagenes\ipad_air.webp ... no existe
>> Imagen NO encontrada, usando no-image.jpeg

----- Producto: xiaomi 13 -----
Nombre base generado: xiaomi_13
Buscando en dir: C:\xampp\htdocs\PWD_TPFinal\imagenes\
Base URL candidata: /PWD_TPFinal/imagenes/
Probando: C:\xampp\htdocs\PWD_TPFinal\imagenes\xiaomi_13.jpg ... no existe
Probando: C:\xampp\htdocs\PWD_TPFinal\imagenes\xiaomi_13.jpeg ... no existe
Probando: C:\xampp\htdocs\PWD_TPFinal\imagenes\xiaomi_13.png ... no existe
Probando: C:\xampp\htdocs\PWD_TPFinal\imagenes\xiaomi_13.webp ... no existe
>> Imagen NO encontrada, usando no-image.jpeg

----- Producto: s25 ultra -----
Nombre base generado: s25_ultra
Buscando en dir: C:\xampp\htdocs\PWD_TPFinal\imagenes\
Base URL candidata: /PWD_TPFinal/imagenes/
Probando: C:\xampp\htdocs\PWD_TPFinal\imagenes\s25_ultra.jpg ... no existe
Probando: C:\xampp\htdocs\PWD_TPFinal\imagenes\s25_ultra.jpeg ... no existe
Probando: C:\xampp\htdocs\PWD_TPFinal\imagenes\s25_ultra.png ... no existe
Probando: C:\xampp\htdocs\PWD_TPFinal\imagenes\s25_ultra.webp ... no existe
>> Imagen NO encontrada, usando no-image.jpeg

----- Producto: s24 ultra -----
Nombre base generado: s24_ultra
Buscando en dir: C:\xampp\htdocs\PWD_TPFinal\imagenes\
Base URL candidata: /PWD_TPFinal/imagenes/
Probando: C:\xampp\htdocs\PWD_TPFinal\imagenes\s24_ultra.jpg ... no existe
Probando: C:\xampp\htdocs\PWD_TPFinal\imagenes\s24_ultra.jpeg ... no existe
Probando: C:\xampp\htdocs\PWD_TPFinal\imagenes\s24_ultra.png ... no existe
Probando: C:\xampp\htdocs\PWD_TPFinal\imagenes\s24_ultra.webp ... no existe
>> Imagen NO encontrada, usando no-image.jpeg

----- Producto: galaxy a55 -----
Nombre base generado: galaxy_a55
Buscando en dir: C:\xampp\htdocs\PWD_TPFinal\imagenes\
Base URL candidata: /PWD_TPFinal/imagenes/
Probando: C:\xampp\htdocs\PWD_TPFinal\imagenes\galaxy_a55.jpg ... no existe
Probando: C:\xampp\htdocs\PWD_TPFinal\imagenes\galaxy_a55.jpeg ... no existe
Probando: C:\xampp\htdocs\PWD_TPFinal\imagenes\galaxy_a55.png ... no existe
Probando: C:\xampp\htdocs\PWD_TPFinal\imagenes\galaxy_a55.webp ... no existe
>> Imagen NO encontrada, usando no-image.jpeg

----- Producto: z fold 6 -----
Nombre base generado: z_fold_6
Buscando en dir: C:\xampp\htdocs\PWD_TPFinal\imagenes\
Base URL candidata: /PWD_TPFinal/imagenes/
Probando: C:\xampp\htdocs\PWD_TPFinal\imagenes\z_fold_6.jpg ... no existe
Probando: C:\xampp\htdocs\PWD_TPFinal\imagenes\z_fold_6.jpeg ... no existe
Probando: C:\xampp\htdocs\PWD_TPFinal\imagenes\z_fold_6.png ... no existe
Probando: C:\xampp\htdocs\PWD_TPFinal\imagenes\z_fold_6.webp ... no existe
>> Imagen NO encontrada, usando no-image.jpeg

----- Producto: s24 ultra -----
Nombre base generado: s24_ultra
Buscando en dir: C:\xampp\htdocs\PWD_TPFinal\imagenes\
Base URL candidata: /PWD_TPFinal/imagenes/
Probando: C:\xampp\htdocs\PWD_TPFinal\imagenes\s24_ultra.jpg ... no existe
Probando: C:\xampp\htdocs\PWD_TPFinal\imagenes\s24_ultra.jpeg ... no existe
Probando: C:\xampp\htdocs\PWD_TPFinal\imagenes\s24_ultra.png ... no existe
Probando: C:\xampp\htdocs\PWD_TPFinal\imagenes\s24_ultra.webp ... no existe
>> Imagen NO encontrada, usando no-image.jpeg

----- Producto: iphone 15 promax -----
Nombre base generado: iphone_15_promax
Buscando en dir: C:\xampp\htdocs\PWD_TPFinal\imagenes\
Base URL candidata: /PWD_TPFinal/imagenes/
Probando: C:\xampp\htdocs\PWD_TPFinal\imagenes\iphone_15_promax.jpg ... no existe
Probando: C:\xampp\htdocs\PWD_TPFinal\imagenes\iphone_15_promax.jpeg ... no existe
Probando: C:\xampp\htdocs\PWD_TPFinal\imagenes\iphone_15_promax.png ... no existe
Probando: C:\xampp\htdocs\PWD_TPFinal\imagenes\iphone_15_promax.webp ... no existe
>> Imagen NO encontrada, usando no-image.jpeg

----- Producto: iphone 14 -----
Nombre base generado: iphone_14
Buscando en dir: C:\xampp\htdocs\PWD_TPFinal\imagenes\
Base URL candidata: /PWD_TPFinal/imagenes/
Probando: C:\xampp\htdocs\PWD_TPFinal\imagenes\iphone_14.jpg ... no existe
Probando: C:\xampp\htdocs\PWD_TPFinal\imagenes\iphone_14.jpeg ... no existe
Probando: C:\xampp\htdocs\PWD_TPFinal\imagenes\iphone_14.png ... no existe
Probando: C:\xampp\htdocs\PWD_TPFinal\imagenes\iphone_14.webp ... no existe
>> Imagen NO encontrada, usando no-image.jpeg

----- Producto: iphone se 2022 -----
Nombre base generado: iphone_se_2022
Buscando en dir: C:\xampp\htdocs\PWD_TPFinal\imagenes\
Base URL candidata: /PWD_TPFinal/imagenes/
Probando: C:\xampp\htdocs\PWD_TPFinal\imagenes\iphone_se_2022.jpg ... no existe
Probando: C:\xampp\htdocs\PWD_TPFinal\imagenes\iphone_se_2022.jpeg ... no existe
Probando: C:\xampp\htdocs\PWD_TPFinal\imagenes\iphone_se_2022.png ... no existe
Probando: C:\xampp\htdocs\PWD_TPFinal\imagenes\iphone_se_2022.webp ... no existe
>> Imagen NO encontrada, usando no-image.jpeg

----- Producto: redmi note 13 pro+ -----
Nombre base generado: redmi_note_13_pro
Buscando en dir: C:\xampp\htdocs\PWD_TPFinal\imagenes\
Base URL candidata: /PWD_TPFinal/imagenes/
Probando: C:\xampp\htdocs\PWD_TPFinal\imagenes\redmi_note_13_pro.jpg ... no existe
Probando: C:\xampp\htdocs\PWD_TPFinal\imagenes\redmi_note_13_pro.jpeg ... no existe
Probando: C:\xampp\htdocs\PWD_TPFinal\imagenes\redmi_note_13_pro.png ... no existe
Probando: C:\xampp\htdocs\PWD_TPFinal\imagenes\redmi_note_13_pro.webp ... no existe
>> Imagen NO encontrada, usando no-image.jpeg

----- Producto: xiaomi 14 ultra -----
Nombre base generado: xiaomi_14_ultra
Buscando en dir: C:\xampp\htdocs\PWD_TPFinal\imagenes\
Base URL candidata: /PWD_TPFinal/imagenes/
Probando: C:\xampp\htdocs\PWD_TPFinal\imagenes\xiaomi_14_ultra.jpg ... no existe
Probando: C:\xampp\htdocs\PWD_TPFinal\imagenes\xiaomi_14_ultra.jpeg ... no existe
Probando: C:\xampp\htdocs\PWD_TPFinal\imagenes\xiaomi_14_ultra.png ... no existe
Probando: C:\xampp\htdocs\PWD_TPFinal\imagenes\xiaomi_14_ultra.webp ... no existe
>> Imagen NO encontrada, usando no-image.jpeg

----- Producto: poco x6 pro -----
Nombre base generado: poco_x6_pro
Buscando en dir: C:\xampp\htdocs\PWD_TPFinal\imagenes\
Base URL candidata: /PWD_TPFinal/imagenes/
Probando: C:\xampp\htdocs\PWD_TPFinal\imagenes\poco_x6_pro.jpg ... no existe
Probando: C:\xampp\htdocs\PWD_TPFinal\imagenes\poco_x6_pro.jpeg ... no existe
Probando: C:\xampp\htdocs\PWD_TPFinal\imagenes\poco_x6_pro.png ... no existe
Probando: C:\xampp\htdocs\PWD_TPFinal\imagenes\poco_x6_pro.webp ... no existe
>> Imagen NO encontrada, usando no-image.jpeg

----- Producto: moto g84 -----
Nombre base generado: moto_g84
Buscando en dir: C:\xampp\htdocs\PWD_TPFinal\imagenes\
Base URL candidata: /PWD_TPFinal/imagenes/
Probando: C:\xampp\htdocs\PWD_TPFinal\imagenes\moto_g84.jpg ... no existe
Probando: C:\xampp\htdocs\PWD_TPFinal\imagenes\moto_g84.jpeg ... no existe
Probando: C:\xampp\htdocs\PWD_TPFinal\imagenes\moto_g84.png ... no existe
Probando: C:\xampp\htdocs\PWD_TPFinal\imagenes\moto_g84.webp ... no existe
>> Imagen NO encontrada, usando no-image.jpeg

----- Producto: edge 50 pro -----
Nombre base generado: edge_50_pro
Buscando en dir: C:\xampp\htdocs\PWD_TPFinal\imagenes\
Base URL candidata: /PWD_TPFinal/imagenes/
Probando: C:\xampp\htdocs\PWD_TPFinal\imagenes\edge_50_pro.jpg ... no existe
Probando: C:\xampp\htdocs\PWD_TPFinal\imagenes\edge_50_pro.jpeg ... no existe
Probando: C:\xampp\htdocs\PWD_TPFinal\imagenes\edge_50_pro.png ... no existe
Probando: C:\xampp\htdocs\PWD_TPFinal\imagenes\edge_50_pro.webp ... no existe
>> Imagen NO encontrada, usando no-image.jpeg

----- Producto: razr 40 ultra -----
Nombre base generado: razr_40_ultra
Buscando en dir: C:\xampp\htdocs\PWD_TPFinal\imagenes\
Base URL candidata: /PWD_TPFinal/imagenes/
Probando: C:\xampp\htdocs\PWD_TPFinal\imagenes\razr_40_ultra.jpg ... no existe
Probando: C:\xampp\htdocs\PWD_TPFinal\imagenes\razr_40_ultra.jpeg ... no existe
Probando: C:\xampp\htdocs\PWD_TPFinal\imagenes\razr_40_ultra.png ... no existe
Probando: C:\xampp\htdocs\PWD_TPFinal\imagenes\razr_40_ultra.webp ... no existe
>> Imagen NO encontrada, usando no-image.jpeg

----- Producto: pixel 8 pro -----
Nombre base generado: pixel_8_pro
Buscando en dir: C:\xampp\htdocs\PWD_TPFinal\imagenes\
Base URL candidata: /PWD_TPFinal/imagenes/
Probando: C:\xampp\htdocs\PWD_TPFinal\imagenes\pixel_8_pro.jpg ... no existe
Probando: C:\xampp\htdocs\PWD_TPFinal\imagenes\pixel_8_pro.jpeg ... no existe
Probando: C:\xampp\htdocs\PWD_TPFinal\imagenes\pixel_8_pro.png ... no existe
Probando: C:\xampp\htdocs\PWD_TPFinal\imagenes\pixel_8_pro.webp ... no existe
>> Imagen NO encontrada, usando no-image.jpeg

----- Producto: pixel 7a -----
Nombre base generado: pixel_7a
Buscando en dir: C:\xampp\htdocs\PWD_TPFinal\imagenes\
Base URL candidata: /PWD_TPFinal/imagenes/
Probando: C:\xampp\htdocs\PWD_TPFinal\imagenes\pixel_7a.jpg ... no existe
Probando: C:\xampp\htdocs\PWD_TPFinal\imagenes\pixel_7a.jpeg ... no existe
Probando: C:\xampp\htdocs\PWD_TPFinal\imagenes\pixel_7a.png ... no existe
Probando: C:\xampp\htdocs\PWD_TPFinal\imagenes\pixel_7a.webp ... no existe
>> Imagen NO encontrada, usando no-image.jpeg

----- Producto: p60 pro -----
Nombre base generado: p60_pro
Buscando en dir: C:\xampp\htdocs\PWD_TPFinal\imagenes\
Base URL candidata: /PWD_TPFinal/imagenes/
Probando: C:\xampp\htdocs\PWD_TPFinal\imagenes\p60_pro.jpg ... no existe
Probando: C:\xampp\htdocs\PWD_TPFinal\imagenes\p60_pro.jpeg ... no existe
Probando: C:\xampp\htdocs\PWD_TPFinal\imagenes\p60_pro.png ... no existe
Probando: C:\xampp\htdocs\PWD_TPFinal\imagenes\p60_pro.webp ... no existe
>> Imagen NO encontrada, usando no-image.jpeg

----- Producto: mate 50 -----
Nombre base generado: mate_50
Buscando en dir: C:\xampp\htdocs\PWD_TPFinal\imagenes\
Base URL candidata: /PWD_TPFinal/imagenes/
Probando: C:\xampp\htdocs\PWD_TPFinal\imagenes\mate_50.jpg ... no existe
Probando: C:\xampp\htdocs\PWD_TPFinal\imagenes\mate_50.jpeg ... no existe
Probando: C:\xampp\htdocs\PWD_TPFinal\imagenes\mate_50.png ... no existe
Probando: C:\xampp\htdocs\PWD_TPFinal\imagenes\mate_50.webp ... no existe
>> Imagen NO encontrada, usando no-image.jpeg

----- Producto: reno 11 pro -----
Nombre base generado: reno_11_pro
Buscando en dir: C:\xampp\htdocs\PWD_TPFinal\imagenes\
Base URL candidata: /PWD_TPFinal/imagenes/
Probando: C:\xampp\htdocs\PWD_TPFinal\imagenes\reno_11_pro.jpg ... no existe
Probando: C:\xampp\htdocs\PWD_TPFinal\imagenes\reno_11_pro.jpeg ... no existe
Probando: C:\xampp\htdocs\PWD_TPFinal\imagenes\reno_11_pro.png ... no existe
Probando: C:\xampp\htdocs\PWD_TPFinal\imagenes\reno_11_pro.webp ... no existe
>> Imagen NO encontrada, usando no-image.jpeg

----- Producto: find x6 -----
Nombre base generado: find_x6
Buscando en dir: C:\xampp\htdocs\PWD_TPFinal\imagenes\
Base URL candidata: /PWD_TPFinal/imagenes/
Probando: C:\xampp\htdocs\PWD_TPFinal\imagenes\find_x6.jpg ... no existe
Probando: C:\xampp\htdocs\PWD_TPFinal\imagenes\find_x6.jpeg ... no existe
Probando: C:\xampp\htdocs\PWD_TPFinal\imagenes\find_x6.png ... no existe
Probando: C:\xampp\htdocs\PWD_TPFinal\imagenes\find_x6.webp ... no existe
>> Imagen NO encontrada, usando no-image.jpeg

----- Producto: gt neo 5 -----
Nombre base generado: gt_neo_5
Buscando en dir: C:\xampp\htdocs\PWD_TPFinal\imagenes\
Base URL candidata: /PWD_TPFinal/imagenes/
Probando: C:\xampp\htdocs\PWD_TPFinal\imagenes\gt_neo_5.jpg ... no existe
Probando: C:\xampp\htdocs\PWD_TPFinal\imagenes\gt_neo_5.jpeg ... no existe
Probando: C:\xampp\htdocs\PWD_TPFinal\imagenes\gt_neo_5.png ... no existe
Probando: C:\xampp\htdocs\PWD_TPFinal\imagenes\gt_neo_5.webp ... no existe
>> Imagen NO encontrada, usando no-image.jpeg

----- Producto: realme c55 -----
Nombre base generado: realme_c55
Buscando en dir: C:\xampp\htdocs\PWD_TPFinal\imagenes\
Base URL candidata: /PWD_TPFinal/imagenes/
Probando: C:\xampp\htdocs\PWD_TPFinal\imagenes\realme_c55.jpg ... no existe
Probando: C:\xampp\htdocs\PWD_TPFinal\imagenes\realme_c55.jpeg ... no existe
Probando: C:\xampp\htdocs\PWD_TPFinal\imagenes\realme_c55.png ... no existe
Probando: C:\xampp\htdocs\PWD_TPFinal\imagenes\realme_c55.webp ... no existe
>> Imagen NO encontrada, usando no-image.jpeg

----- Producto: pepitos -----
Nombre base generado: pepitos
Buscando en dir: C:\xampp\htdocs\PWD_TPFinal\imagenes\
Base URL candidata: /PWD_TPFinal/imagenes/
Probando: C:\xampp\htdocs\PWD_TPFinal\imagenes\pepitos.jpg ... no existe
Probando: C:\xampp\htdocs\PWD_TPFinal\imagenes\pepitos.jpeg ... no existe
Probando: C:\xampp\htdocs\PWD_TPFinal\imagenes\pepitos.png ... no existe
Probando: C:\xampp\htdocs\PWD_TPFinal\imagenes\pepitos.webp ... ENCONTRADO

----- Producto: pepitos -----
Nombre base generado: pepitos
Buscando en dir: C:\xampp\htdocs\PWD_TPFinal\imagenes\
Base URL candidata: /PWD_TPFinal/imagenes/
Probando: C:\xampp\htdocs\PWD_TPFinal\imagenes\pepitos.jpg ... no existe
Probando: C:\xampp\htdocs\PWD_TPFinal\imagenes\pepitos.jpeg ... no existe
Probando: C:\xampp\htdocs\PWD_TPFinal\imagenes\pepitos.png ... no existe
Probando: C:\xampp\htdocs\PWD_TPFinal\imagenes\pepitos.webp ... ENCONTRADO

----- Producto: moto edge 50 pro -----
Nombre base generado: moto_edge_50_pro
Buscando en dir: C:\xampp\htdocs\PWD_TPFinal\Vista\imagenes\
Base URL candidata: /PWD_TPFinal/Vista/imagenes/
Probando: C:\xampp\htdocs\PWD_TPFinal\Vista\imagenes\moto_edge_50_pro.jpg ... no existe
Probando: C:\xampp\htdocs\PWD_TPFinal\Vista\imagenes\moto_edge_50_pro.jpeg ... no existe
Probando: C:\xampp\htdocs\PWD_TPFinal\Vista\imagenes\moto_edge_50_pro.png ... no existe
Probando: C:\xampp\htdocs\PWD_TPFinal\Vista\imagenes\moto_edge_50_pro.webp ... no existe
>> Imagen NO encontrada, usando no-image.jpeg
