=== LOG DE BUSQUEDA DE IMAGENES ===


----- Producto: xiaomi redmi note 13 -----
Nombre base generado: xiaomi_redmi_note_13
Buscando en dir: C:\xampp\htdocs\PWD_TPFinal\Vista\imagenes\
Base URL candidata: /PWD_TPFinal/Vista/imagenes/
Probando: C:\xampp\htdocs\PWD_TPFinal\Vista\imagenes\xiaomi_redmi_note_13.jpg ... ENCONTRADO

----- Producto: xiaomi redmi note 13 -----
Nombre base generado: xiaomi_redmi_note_13
Buscando en dir: C:\xampp\htdocs\PWD_TPFinal\Vista\imagenes\
Base URL candidata: /PWD_TPFinal/Vista/imagenes/
Probando: C:\xampp\htdocs\PWD_TPFinal\Vista\imagenes\xiaomi_redmi_note_13.jpg ... ENCONTRADO

----- Producto: xiaomi redmi note 13 -----
Nombre base generado: xiaomi_redmi_note_13
Buscando en dir: C:\xampp\htdocs\PWD_TPFinal\Vista\imagenes\
Base URL candidata: /PWD_TPFinal/Vista/imagenes/
Probando: C:\xampp\htdocs\PWD_TPFinal\Vista\imagenes\xiaomi_redmi_note_13.jpg ... ENCONTRADO

----- Producto: xiaomi redmi note 13 -----
Nombre base generado: xiaomi_redmi_note_13
Buscando en dir: C:\xampp\htdocs\PWD_TPFinal\Vista\imagenes\
Base URL candidata: /PWD_TPFinal/Vista/imagenes/
Probando: C:\xampp\htdocs\PWD_TPFinal\Vista\imagenes\xiaomi_redmi_note_13.jpg ... ENCONTRADO

----- Producto: xiaomi redmi note 13 -----
Nombre base generado: xiaomi_redmi_note_13
Buscando en dir: C:\xampp\htdocs\PWD_TPFinal\Vista\imagenes\
Base URL candidata: /PWD_TPFinal/Vista/imagenes/
Probando: C:\xampp\htdocs\PWD_TPFinal\Vista\imagenes\xiaomi_redmi_note_13.jpg ... ENCONTRADO

----- Producto: xiaomi redmi note 13 -----
Nombre base generado: xiaomi_redmi_note_13
Buscando en dir: C:\xampp\htdocs\PWD_TPFinal\Vista\imagenes\
Base URL candidata: /PWD_TPFinal/Vista/imagenes/
Probando: C:\xampp\htdocs\PWD_TPFinal\Vista\imagenes\xiaomi_redmi_note_13.jpg ... ENCONTRADO
